2025-07-01T19:36:16.346+0900 [DEBUG] [org.gradle.launcher.daemon.bootstrap.DaemonMain] Assuming the daemon was started with following jvm opts: [-XX:MaxMetaspaceSize=384m, -XX:+HeapDumpOnOutOfMemoryError, -Xms256m, -Xmx512m, -Dfile.encoding=UTF-8, -Duser.country=KR, -Duser.language=ko, -Duser.variant]
2025-07-01T19:36:16.486+0900 [DEBUG] [org.gradle.internal.remote.internal.inet.InetAddresses] Adding IP addresses for network interface utun7
2025-07-01T19:36:16.486+0900 [DEBUG] [org.gradle.internal.remote.internal.inet.InetAddresses] Is this a loopback interface? false
2025-07-01T19:36:16.487+0900 [DEBUG] [org.gradle.internal.remote.internal.inet.InetAddresses] Adding remote address /fe80:0:0:0:650e:1d39:da97:4330%utun7
2025-07-01T19:36:16.487+0900 [DEBUG] [org.gradle.internal.remote.internal.inet.InetAddresses] Adding IP addresses for network interface utun6
2025-07-01T19:36:16.487+0900 [DEBUG] [org.gradle.internal.remote.internal.inet.InetAddresses] Is this a loopback interface? false
2025-07-01T19:36:16.488+0900 [DEBUG] [org.gradle.internal.remote.internal.inet.InetAddresses] Adding remote address /fe80:0:0:0:604a:7d6:b960:4d6d%utun6
2025-07-01T19:36:16.488+0900 [DEBUG] [org.gradle.internal.remote.internal.inet.InetAddresses] Adding IP addresses for network interface utun5
2025-07-01T19:36:16.489+0900 [DEBUG] [org.gradle.internal.remote.internal.inet.InetAddresses] Is this a loopback interface? false
2025-07-01T19:36:16.489+0900 [DEBUG] [org.gradle.internal.remote.internal.inet.InetAddresses] Adding remote address /fe80:0:0:0:9bf9:8b1a:d3f1:9274%utun5
2025-07-01T19:36:16.489+0900 [DEBUG] [org.gradle.internal.remote.internal.inet.InetAddresses] Adding IP addresses for network interface utun4
2025-07-01T19:36:16.489+0900 [DEBUG] [org.gradle.internal.remote.internal.inet.InetAddresses] Is this a loopback interface? false
2025-07-01T19:36:16.490+0900 [DEBUG] [org.gradle.internal.remote.internal.inet.InetAddresses] Adding remote address /fe80:0:0:0:4cc3:ca16:677b:7d4c%utun4
2025-07-01T19:36:16.490+0900 [DEBUG] [org.gradle.internal.remote.internal.inet.InetAddresses] Adding IP addresses for network interface utun3
2025-07-01T19:36:16.490+0900 [DEBUG] [org.gradle.internal.remote.internal.inet.InetAddresses] Is this a loopback interface? false
2025-07-01T19:36:16.490+0900 [DEBUG] [org.gradle.internal.remote.internal.inet.InetAddresses] Adding remote address /fe80:0:0:0:ce81:b1c:bd2c:69e%utun3
2025-07-01T19:36:16.491+0900 [DEBUG] [org.gradle.internal.remote.internal.inet.InetAddresses] Adding IP addresses for network interface utun2
2025-07-01T19:36:16.491+0900 [DEBUG] [org.gradle.internal.remote.internal.inet.InetAddresses] Is this a loopback interface? false
2025-07-01T19:36:16.491+0900 [DEBUG] [org.gradle.internal.remote.internal.inet.InetAddresses] Adding remote address /fe80:0:0:0:84d0:ed04:9841:edfc%utun2
2025-07-01T19:36:16.492+0900 [DEBUG] [org.gradle.internal.remote.internal.inet.InetAddresses] Adding IP addresses for network interface utun1
2025-07-01T19:36:16.492+0900 [DEBUG] [org.gradle.internal.remote.internal.inet.InetAddresses] Is this a loopback interface? false
2025-07-01T19:36:16.492+0900 [DEBUG] [org.gradle.internal.remote.internal.inet.InetAddresses] Adding remote address /fe80:0:0:0:3ed5:7cd9:30e5:9664%utun1
2025-07-01T19:36:16.492+0900 [DEBUG] [org.gradle.internal.remote.internal.inet.InetAddresses] Adding IP addresses for network interface utun0
2025-07-01T19:36:16.492+0900 [DEBUG] [org.gradle.internal.remote.internal.inet.InetAddresses] Is this a loopback interface? false
2025-07-01T19:36:16.493+0900 [DEBUG] [org.gradle.internal.remote.internal.inet.InetAddresses] Adding remote address /fe80:0:0:0:b3b3:5ee7:aaa5:afb8%utun0
2025-07-01T19:36:16.493+0900 [DEBUG] [org.gradle.internal.remote.internal.inet.InetAddresses] Adding IP addresses for network interface llw0
2025-07-01T19:36:16.493+0900 [DEBUG] [org.gradle.internal.remote.internal.inet.InetAddresses] Is this a loopback interface? false
2025-07-01T19:36:16.493+0900 [DEBUG] [org.gradle.internal.remote.internal.inet.InetAddresses] Adding remote address /fe80:0:0:0:d458:99ff:fe68:c4d9%llw0
2025-07-01T19:36:16.494+0900 [DEBUG] [org.gradle.internal.remote.internal.inet.InetAddresses] Adding IP addresses for network interface awdl0
2025-07-01T19:36:16.494+0900 [DEBUG] [org.gradle.internal.remote.internal.inet.InetAddresses] Is this a loopback interface? false
2025-07-01T19:36:16.494+0900 [DEBUG] [org.gradle.internal.remote.internal.inet.InetAddresses] Adding remote address /fe80:0:0:0:d458:99ff:fe68:c4d9%awdl0
2025-07-01T19:36:16.494+0900 [DEBUG] [org.gradle.internal.remote.internal.inet.InetAddresses] Adding IP addresses for network interface en0
2025-07-01T19:36:16.494+0900 [DEBUG] [org.gradle.internal.remote.internal.inet.InetAddresses] Is this a loopback interface? false
2025-07-01T19:36:16.494+0900 [DEBUG] [org.gradle.internal.remote.internal.inet.InetAddresses] Adding remote address /2001:2d8:705d:6415:197f:81ca:cae3:90e5%en0
2025-07-01T19:36:16.495+0900 [DEBUG] [org.gradle.internal.remote.internal.inet.InetAddresses] Adding remote address /2001:2d8:705d:6415:40c:ffe3:9218:e2af%en0
2025-07-01T19:36:16.495+0900 [DEBUG] [org.gradle.internal.remote.internal.inet.InetAddresses] Adding remote address /fe80:0:0:0:18ab:c9a:d91e:8e8d%en0
2025-07-01T19:36:16.495+0900 [DEBUG] [org.gradle.internal.remote.internal.inet.InetAddresses] Adding remote address /192.0.0.2
2025-07-01T19:36:16.495+0900 [DEBUG] [org.gradle.internal.remote.internal.inet.InetAddresses] Adding IP addresses for network interface lo0
2025-07-01T19:36:16.495+0900 [DEBUG] [org.gradle.internal.remote.internal.inet.InetAddresses] Is this a loopback interface? true
2025-07-01T19:36:16.495+0900 [DEBUG] [org.gradle.internal.remote.internal.inet.InetAddresses] Ignoring remote address on loopback interface /fe80:0:0:0:0:0:0:1%lo0
2025-07-01T19:36:16.496+0900 [DEBUG] [org.gradle.internal.remote.internal.inet.InetAddresses] Adding loopback address /0:0:0:0:0:0:0:1%lo0
2025-07-01T19:36:16.496+0900 [DEBUG] [org.gradle.internal.remote.internal.inet.InetAddresses] Adding loopback address /127.0.0.1
2025-07-01T19:36:16.548+0900 [INFO] [org.gradle.launcher.daemon.server.Daemon] start() called on daemon - DefaultDaemonContext[uid=e937af21-d7d2-4b07-aca9-bf9b765e4eca,javaHome=/opt/homebrew/Cellar/openjdk@17/17.0.15/libexec/openjdk.jdk/Contents/Home,javaVersion=17,javaVendor=Homebrew,daemonRegistryDir=/Users/jeong-eunjin/Spring-STUDY/eunjin/gradle/wrapper/daemon,pid=87790,idleTimeout=10800000,priority=NORMAL,applyInstrumentationAgent=true,nativeServicesMode=ENABLED,daemonOpts=-XX:MaxMetaspaceSize=384m,-XX:+HeapDumpOnOutOfMemoryError,-Xms256m,-Xmx512m,-Dfile.encoding=UTF-8,-Duser.country=KR,-Duser.language=ko,-Duser.variant]
2025-07-01T19:36:16.575+0900 [DEBUG] [org.gradle.internal.remote.internal.inet.TcpIncomingConnector] Listening on [6a4c151b-b1e6-4341-b885-2cd611031f56 port:54391, addresses:[localhost/127.0.0.1]].
2025-07-01T19:36:16.588+0900 [DEBUG] [org.gradle.launcher.daemon.server.Daemon] Daemon starting at: Tue Jul 01 19:36:16 KST 2025, with address: [6a4c151b-b1e6-4341-b885-2cd611031f56 port:54391, addresses:[localhost/127.0.0.1]]
2025-07-01T19:36:16.588+0900 [INFO] [org.gradle.launcher.daemon.server.DaemonRegistryUpdater] Advertising the daemon address to the clients: [6a4c151b-b1e6-4341-b885-2cd611031f56 port:54391, addresses:[localhost/127.0.0.1]]
2025-07-01T19:36:16.588+0900 [DEBUG] [org.gradle.launcher.daemon.server.DaemonRegistryUpdater] Advertised daemon context: DefaultDaemonContext[uid=e937af21-d7d2-4b07-aca9-bf9b765e4eca,javaHome=/opt/homebrew/Cellar/openjdk@17/17.0.15/libexec/openjdk.jdk/Contents/Home,javaVersion=17,javaVendor=Homebrew,daemonRegistryDir=/Users/jeong-eunjin/Spring-STUDY/eunjin/gradle/wrapper/daemon,pid=87790,idleTimeout=10800000,priority=NORMAL,applyInstrumentationAgent=true,nativeServicesMode=ENABLED,daemonOpts=-XX:MaxMetaspaceSize=384m,-XX:+HeapDumpOnOutOfMemoryError,-Xms256m,-Xmx512m,-Dfile.encoding=UTF-8,-Duser.country=KR,-Duser.language=ko,-Duser.variant]
2025-07-01T19:36:16.589+0900 [DEBUG] [org.gradle.launcher.daemon.registry.PersistentDaemonRegistry] Storing daemon address: [6a4c151b-b1e6-4341-b885-2cd611031f56 port:54391, addresses:[localhost/127.0.0.1]], context: DefaultDaemonContext[uid=e937af21-d7d2-4b07-aca9-bf9b765e4eca,javaHome=/opt/homebrew/Cellar/openjdk@17/17.0.15/libexec/openjdk.jdk/Contents/Home,javaVersion=17,javaVendor=Homebrew,daemonRegistryDir=/Users/jeong-eunjin/Spring-STUDY/eunjin/gradle/wrapper/daemon,pid=87790,idleTimeout=10800000,priority=NORMAL,applyInstrumentationAgent=true,nativeServicesMode=ENABLED,daemonOpts=-XX:MaxMetaspaceSize=384m,-XX:+HeapDumpOnOutOfMemoryError,-Xms256m,-Xmx512m,-Dfile.encoding=UTF-8,-Duser.country=KR,-Duser.language=ko,-Duser.variant]
2025-07-01T19:36:16.597+0900 [DEBUG] [org.gradle.cache.internal.DefaultFileLockManager] Waiting to acquire exclusive lock on daemon addresses registry.
2025-07-01T19:36:16.600+0900 [DEBUG] [org.gradle.cache.internal.DefaultFileLockManager] Lock acquired on daemon addresses registry.
2025-07-01T19:36:16.604+0900 [DEBUG] [org.gradle.cache.internal.DefaultFileLockManager] Releasing lock on daemon addresses registry.
2025-07-01T19:36:16.604+0900 [LIFECYCLE] [org.gradle.launcher.daemon.server.Daemon] Daemon server started.
2025-07-01T19:36:16.605+0900 [DEBUG] [org.gradle.launcher.daemon.bootstrap.DaemonStartupCommunication] Completed writing the daemon greeting. Closing streams...
2025-07-01T19:36:16.609+0900 [DEBUG] [org.gradle.internal.remote.internal.inet.TcpIncomingConnector] Accepted connection from /127.0.0.1:54392 to /127.0.0.1:54391.
2025-07-01T19:36:16.612+0900 [DEBUG] [org.gradle.launcher.daemon.server.Daemon] stopOnExpiration() called on daemon
2025-07-01T19:36:16.616+0900 [DEBUG] [org.gradle.launcher.daemon.server.Daemon] awaitExpiration() called on daemon
2025-07-01T19:36:16.618+0900 [DEBUG] [org.gradle.launcher.daemon.server.DaemonStateCoordinator] daemon is running. Sleeping until state changes.
2025-07-01T19:36:16.652+0900 [DEBUG] [org.gradle.launcher.daemon.server.SynchronizedDispatchConnection] thread 21: received class org.gradle.launcher.daemon.protocol.Build
2025-07-01T19:36:16.652+0900 [DEBUG] [org.gradle.launcher.daemon.server.DefaultDaemonConnection] thread 21: Received non-IO message from client: Build{id=e1ead7bf-75b4-4f92-ba2c-f6f5e1b2e803, currentDir=/Users/jeong-eunjin/Spring-STUDY/eunjin}
2025-07-01T19:36:16.652+0900 [INFO] [org.gradle.launcher.daemon.server.DefaultIncomingConnectionHandler] Received command: Build{id=e1ead7bf-75b4-4f92-ba2c-f6f5e1b2e803, currentDir=/Users/jeong-eunjin/Spring-STUDY/eunjin}.
2025-07-01T19:36:16.653+0900 [DEBUG] [org.gradle.launcher.daemon.server.DefaultIncomingConnectionHandler] Starting executing command: Build{id=e1ead7bf-75b4-4f92-ba2c-f6f5e1b2e803, currentDir=/Users/jeong-eunjin/Spring-STUDY/eunjin} with connection: socket connection from /127.0.0.1:54391 to /127.0.0.1:54392.
2025-07-01T19:36:16.655+0900 [DEBUG] [org.gradle.launcher.daemon.server.DaemonStateCoordinator] Command execution: started DaemonCommandExecution[command = Build{id=e1ead7bf-75b4-4f92-ba2c-f6f5e1b2e803, currentDir=/Users/jeong-eunjin/Spring-STUDY/eunjin}, connection = DefaultDaemonConnection: socket connection from /127.0.0.1:54391 to /127.0.0.1:54392] after 0.0014 minutes of idle
2025-07-01T19:36:16.656+0900 [INFO] [org.gradle.launcher.daemon.server.DaemonRegistryUpdater] Marking the daemon as busy, address: [6a4c151b-b1e6-4341-b885-2cd611031f56 port:54391, addresses:[localhost/127.0.0.1]]
2025-07-01T19:36:16.656+0900 [DEBUG] [org.gradle.launcher.daemon.registry.PersistentDaemonRegistry] Marking busy by address: [6a4c151b-b1e6-4341-b885-2cd611031f56 port:54391, addresses:[localhost/127.0.0.1]]
2025-07-01T19:36:16.656+0900 [DEBUG] [org.gradle.cache.internal.DefaultFileLockManager] Waiting to acquire exclusive lock on daemon addresses registry.
2025-07-01T19:36:16.657+0900 [DEBUG] [org.gradle.cache.internal.DefaultFileLockManager] Lock acquired on daemon addresses registry.
2025-07-01T19:36:16.658+0900 [DEBUG] [org.gradle.cache.internal.DefaultFileLockManager] Releasing lock on daemon addresses registry.
2025-07-01T19:36:16.658+0900 [DEBUG] [org.gradle.launcher.daemon.server.DaemonStateCoordinator] resetting idle timer
2025-07-01T19:36:16.658+0900 [DEBUG] [org.gradle.launcher.daemon.server.DaemonStateCoordinator] daemon is running. Sleeping until state changes.
2025-07-01T19:36:16.659+0900 [INFO] [org.gradle.launcher.daemon.server.exec.StartBuildOrRespondWithBusy] Daemon is about to start building Build{id=e1ead7bf-75b4-4f92-ba2c-f6f5e1b2e803, currentDir=/Users/jeong-eunjin/Spring-STUDY/eunjin}. Dispatching build started information...
2025-07-01T19:36:16.659+0900 [DEBUG] [org.gradle.launcher.daemon.server.SynchronizedDispatchConnection] thread 23: dispatching org.gradle.launcher.daemon.protocol.BuildStarted@10d1352b
2025-07-01T19:36:16.661+0900 [DEBUG] [org.gradle.launcher.daemon.server.exec.EstablishBuildEnvironment] Configuring env variables: [PATH, __CFBundleIdentifier, SHELL, CPPFLAGS, IJ_RESTARTER_LOG, JAVA_HOME, OLDPWD, USER, COMMAND_MODE, TMPDIR, SSH_AUTH_SOCK, XPC_FLAGS, __CF_USER_TEXT_ENCODING, LOGNAME, LC_CTYPE, XPC_SERVICE_NAME, HOME]
2025-07-01T19:36:16.664+0900 [DEBUG] [org.gradle.launcher.daemon.server.exec.LogToClient] About to start relaying all logs to the client via the connection.
2025-07-01T19:36:16.664+0900 [INFO] [org.gradle.launcher.daemon.server.exec.LogToClient] The client will now receive all logging from the daemon (pid: 87790). The daemon log file: /Users/jeong-eunjin/Spring-STUDY/eunjin/gradle/wrapper/daemon/8.14.2/daemon-87790.out.log
2025-07-01T19:36:16.665+0900 [INFO] [org.gradle.launcher.daemon.server.exec.LogAndCheckHealth] Starting build in new daemon [memory: 512 MiB]
2025-07-01T19:36:16.667+0900 [DEBUG] [org.gradle.launcher.daemon.server.exec.ExecuteBuild] The daemon has started executing the build.
2025-07-01T19:36:16.667+0900 [DEBUG] [org.gradle.launcher.daemon.server.exec.ExecuteBuild] Executing build with daemon context: DefaultDaemonContext[uid=e937af21-d7d2-4b07-aca9-bf9b765e4eca,javaHome=/opt/homebrew/Cellar/openjdk@17/17.0.15/libexec/openjdk.jdk/Contents/Home,javaVersion=17,javaVendor=Homebrew,daemonRegistryDir=/Users/jeong-eunjin/Spring-STUDY/eunjin/gradle/wrapper/daemon,pid=87790,idleTimeout=10800000,priority=NORMAL,applyInstrumentationAgent=true,nativeServicesMode=ENABLED,daemonOpts=-XX:MaxMetaspaceSize=384m,-XX:+HeapDumpOnOutOfMemoryError,-Xms256m,-Xmx512m,-Dfile.encoding=UTF-8,-Duser.country=KR,-Duser.language=ko,-Duser.variant]

BUILD SUCCESSFUL in 38s
2 actionable tasks: 2 executed
2025-07-01T19:36:53.868+0900 [DEBUG] [org.gradle.launcher.daemon.server.exec.ExecuteBuild] The daemon has finished executing the build.
2025-07-01T19:36:53.880+0900 [DEBUG] [org.gradle.launcher.daemon.server.DaemonStateCoordinator] daemon is running. Sleeping until state changes.
2025-07-01T19:36:53.880+0900 [DEBUG] [org.gradle.launcher.daemon.server.DaemonStateCoordinator] Command execution: finished waiting for DaemonCommandExecution[command = Build{id=e1ead7bf-75b4-4f92-ba2c-f6f5e1b2e803, currentDir=/Users/jeong-eunjin/Spring-STUDY/eunjin}, connection = DefaultDaemonConnection: socket connection from /127.0.0.1:54391 to /127.0.0.1:54392]. Result org.gradle.launcher.daemon.server.DaemonStateCoordinator@a7c9dcb with state Busy
2025-07-01T19:36:53.880+0900 [DEBUG] [org.gradle.launcher.daemon.server.DaemonStateCoordinator] Command execution: completed DaemonCommandExecution[command = Build{id=e1ead7bf-75b4-4f92-ba2c-f6f5e1b2e803, currentDir=/Users/jeong-eunjin/Spring-STUDY/eunjin}, connection = DefaultDaemonConnection: socket connection from /127.0.0.1:54391 to /127.0.0.1:54392]
2025-07-01T19:36:53.881+0900 [DEBUG] [org.gradle.launcher.daemon.server.DaemonStateCoordinator] resetting idle timer
2025-07-01T19:36:53.881+0900 [INFO] [org.gradle.launcher.daemon.server.DaemonRegistryUpdater] Marking the daemon as idle, address: [6a4c151b-b1e6-4341-b885-2cd611031f56 port:54391, addresses:[localhost/127.0.0.1]]
2025-07-01T19:36:53.881+0900 [DEBUG] [org.gradle.launcher.daemon.registry.PersistentDaemonRegistry] Marking busy by address: [6a4c151b-b1e6-4341-b885-2cd611031f56 port:54391, addresses:[localhost/127.0.0.1]]
2025-07-01T19:36:53.882+0900 [DEBUG] [org.gradle.cache.internal.DefaultFileLockManager] Waiting to acquire exclusive lock on daemon addresses registry.
2025-07-01T19:36:53.882+0900 [DEBUG] [org.gradle.cache.internal.DefaultFileLockManager] Lock acquired on daemon addresses registry.
2025-07-01T19:36:53.883+0900 [DEBUG] [org.gradle.cache.internal.DefaultFileLockManager] Releasing lock on daemon addresses registry.
2025-07-01T19:36:53.884+0900 [DEBUG] [org.gradle.launcher.daemon.server.DaemonStateCoordinator] daemon is running. Sleeping until state changes.
2025-07-01T19:36:53.884+0900 [DEBUG] [org.gradle.launcher.daemon.server.exec.ReturnResult] Daemon is dispatching the build result: Success[value=org.gradle.launcher.exec.BuildActionResult@50ea5b59]
2025-07-01T19:36:53.884+0900 [DEBUG] [org.gradle.launcher.daemon.server.SynchronizedDispatchConnection] thread 20: dispatching Success[value=org.gradle.launcher.exec.BuildActionResult@50ea5b59]
2025-07-01T19:36:53.885+0900 [DEBUG] [org.gradle.launcher.daemon.server.SynchronizedDispatchConnection] thread 21: received class org.gradle.launcher.daemon.protocol.CloseInput
2025-07-01T19:36:53.885+0900 [DEBUG] [org.gradle.launcher.daemon.server.DefaultDaemonConnection] thread 21: Received IO message from client: org.gradle.launcher.daemon.protocol.CloseInput@523b8ef6
2025-07-01T19:36:53.886+0900 [DEBUG] [org.gradle.launcher.daemon.server.SynchronizedDispatchConnection] thread 21: received class org.gradle.launcher.daemon.protocol.Finished
2025-07-01T19:36:53.886+0900 [DEBUG] [org.gradle.launcher.daemon.server.exec.CleanUpVirtualFileSystemAfterBuild] Cleaning virtual file system after build finished
2025-07-01T19:36:53.886+0900 [DEBUG] [org.gradle.launcher.daemon.server.DefaultDaemonConnection] thread 21: Received non-IO message from client: org.gradle.launcher.daemon.protocol.Finished@2d3319af
2025-07-01T19:36:53.886+0900 [DEBUG] [org.gradle.launcher.daemon.server.DefaultIncomingConnectionHandler] Finishing executing command: Build{id=e1ead7bf-75b4-4f92-ba2c-f6f5e1b2e803, currentDir=/Users/jeong-eunjin/Spring-STUDY/eunjin}
2025-07-01T19:36:53.886+0900 [DEBUG] [org.gradle.internal.remote.internal.inet.SocketConnection] Discarding EOFException: java.io.EOFException
2025-07-01T19:36:53.887+0900 [DEBUG] [org.gradle.launcher.daemon.server.DefaultIncomingConnectionHandler] Received finished message: org.gradle.launcher.daemon.protocol.Finished@2d3319af
2025-07-01T19:36:53.887+0900 [DEBUG] [org.gradle.launcher.daemon.server.SynchronizedDispatchConnection] thread 21: received null
2025-07-01T19:36:53.887+0900 [DEBUG] [org.gradle.launcher.daemon.server.SynchronizedDispatchConnection] thread 20: stopping connection
2025-07-01T19:36:53.887+0900 [DEBUG] [org.gradle.launcher.daemon.server.DefaultDaemonConnection] thread 21: Received end-of-input from client.
2025-07-01T19:36:53.898+0900 [DEBUG] [org.gradle.launcher.daemon.server.SynchronizedDispatchConnection] thread 20: stopping connection
2025-07-01T19:36:56.617+0900 [DEBUG] [org.gradle.cache.internal.DefaultFileLockManager] Waiting to acquire shared lock on daemon addresses registry.
2025-07-01T19:36:56.618+0900 [DEBUG] [org.gradle.cache.internal.DefaultFileLockManager] Lock acquired on daemon addresses registry.
2025-07-01T19:36:56.618+0900 [DEBUG] [org.gradle.cache.internal.DefaultFileLockManager] Releasing lock on daemon addresses registry.
2025-07-01T19:36:56.619+0900 [DEBUG] [org.gradle.cache.internal.DefaultFileLockManager] Waiting to acquire shared lock on daemon addresses registry.
2025-07-01T19:36:56.619+0900 [DEBUG] [org.gradle.cache.internal.DefaultFileLockManager] Lock acquired on daemon addresses registry.
2025-07-01T19:36:56.619+0900 [DEBUG] [org.gradle.cache.internal.DefaultFileLockManager] Releasing lock on daemon addresses registry.
2025-07-01T19:37:06.616+0900 [DEBUG] [org.gradle.cache.internal.DefaultFileLockManager] Waiting to acquire shared lock on daemon addresses registry.
2025-07-01T19:37:06.617+0900 [DEBUG] [org.gradle.cache.internal.DefaultFileLockManager] Lock acquired on daemon addresses registry.
2025-07-01T19:37:06.620+0900 [DEBUG] [org.gradle.cache.internal.DefaultFileLockManager] Releasing lock on daemon addresses registry.
2025-07-01T19:37:06.621+0900 [DEBUG] [org.gradle.cache.internal.DefaultFileLockManager] Waiting to acquire shared lock on daemon addresses registry.
2025-07-01T19:37:06.622+0900 [DEBUG] [org.gradle.cache.internal.DefaultFileLockManager] Lock acquired on daemon addresses registry.
2025-07-01T19:37:06.622+0900 [DEBUG] [org.gradle.cache.internal.DefaultFileLockManager] Releasing lock on daemon addresses registry.
2025-07-01T19:37:06.623+0900 [DEBUG] [org.gradle.cache.internal.DefaultFileLockManager] Waiting to acquire shared lock on daemon addresses registry.
2025-07-01T19:37:06.623+0900 [DEBUG] [org.gradle.cache.internal.DefaultFileLockManager] Lock acquired on daemon addresses registry.
2025-07-01T19:37:06.623+0900 [DEBUG] [org.gradle.cache.internal.DefaultFileLockManager] Releasing lock on daemon addresses registry.
2025-07-01T19:37:16.617+0900 [DEBUG] [org.gradle.cache.internal.DefaultFileLockManager] Waiting to acquire shared lock on daemon addresses registry.
2025-07-01T19:37:16.617+0900 [DEBUG] [org.gradle.cache.internal.DefaultFileLockManager] Lock acquired on daemon addresses registry.
2025-07-01T19:37:16.618+0900 [DEBUG] [org.gradle.cache.internal.DefaultFileLockManager] Releasing lock on daemon addresses registry.
2025-07-01T19:37:16.618+0900 [DEBUG] [org.gradle.cache.internal.DefaultFileLockManager] Waiting to acquire shared lock on daemon addresses registry.
2025-07-01T19:37:16.618+0900 [DEBUG] [org.gradle.cache.internal.DefaultFileLockManager] Lock acquired on daemon addresses registry.
2025-07-01T19:37:16.618+0900 [DEBUG] [org.gradle.cache.internal.DefaultFileLockManager] Releasing lock on daemon addresses registry.
2025-07-01T19:37:16.618+0900 [DEBUG] [org.gradle.cache.internal.DefaultFileLockManager] Waiting to acquire shared lock on daemon addresses registry.
2025-07-01T19:37:16.618+0900 [DEBUG] [org.gradle.cache.internal.DefaultFileLockManager] Lock acquired on daemon addresses registry.
2025-07-01T19:37:16.618+0900 [DEBUG] [org.gradle.cache.internal.DefaultFileLockManager] Releasing lock on daemon addresses registry.
2025-07-01T19:37:26.617+0900 [DEBUG] [org.gradle.cache.internal.DefaultFileLockManager] Waiting to acquire shared lock on daemon addresses registry.
2025-07-01T19:37:26.618+0900 [DEBUG] [org.gradle.cache.internal.DefaultFileLockManager] Lock acquired on daemon addresses registry.
2025-07-01T19:37:26.619+0900 [DEBUG] [org.gradle.cache.internal.DefaultFileLockManager] Releasing lock on daemon addresses registry.
2025-07-01T19:37:26.620+0900 [DEBUG] [org.gradle.cache.internal.DefaultFileLockManager] Waiting to acquire shared lock on daemon addresses registry.
2025-07-01T19:37:26.620+0900 [DEBUG] [org.gradle.cache.internal.DefaultFileLockManager] Lock acquired on daemon addresses registry.
2025-07-01T19:37:26.621+0900 [DEBUG] [org.gradle.cache.internal.DefaultFileLockManager] Releasing lock on daemon addresses registry.
2025-07-01T19:37:26.621+0900 [DEBUG] [org.gradle.cache.internal.DefaultFileLockManager] Waiting to acquire shared lock on daemon addresses registry.
2025-07-01T19:37:26.621+0900 [DEBUG] [org.gradle.cache.internal.DefaultFileLockManager] Lock acquired on daemon addresses registry.
2025-07-01T19:37:26.622+0900 [DEBUG] [org.gradle.cache.internal.DefaultFileLockManager] Releasing lock on daemon addresses registry.
2025-07-01T19:37:27.052+0900 [DEBUG] [org.gradle.internal.watch.vfs.impl.WatchingVirtualFileSystem] Handling VFS change MODIFIED /Users/jeong-eunjin/Spring-STUDY/eunjin/src/main/resources/static/hello.html
2025-07-01T19:37:36.616+0900 [DEBUG] [org.gradle.cache.internal.DefaultFileLockManager] Waiting to acquire shared lock on daemon addresses registry.
2025-07-01T19:37:36.617+0900 [DEBUG] [org.gradle.cache.internal.DefaultFileLockManager] Lock acquired on daemon addresses registry.
2025-07-01T19:37:36.617+0900 [DEBUG] [org.gradle.cache.internal.DefaultFileLockManager] Releasing lock on daemon addresses registry.
2025-07-01T19:37:36.618+0900 [DEBUG] [org.gradle.cache.internal.DefaultFileLockManager] Waiting to acquire shared lock on daemon addresses registry.
2025-07-01T19:37:36.618+0900 [DEBUG] [org.gradle.cache.internal.DefaultFileLockManager] Lock acquired on daemon addresses registry.
2025-07-01T19:37:36.618+0900 [DEBUG] [org.gradle.cache.internal.DefaultFileLockManager] Releasing lock on daemon addresses registry.
2025-07-01T19:37:36.618+0900 [DEBUG] [org.gradle.cache.internal.DefaultFileLockManager] Waiting to acquire shared lock on daemon addresses registry.
2025-07-01T19:37:36.618+0900 [DEBUG] [org.gradle.cache.internal.DefaultFileLockManager] Lock acquired on daemon addresses registry.
2025-07-01T19:37:36.619+0900 [DEBUG] [org.gradle.cache.internal.DefaultFileLockManager] Releasing lock on daemon addresses registry.
2025-07-01T19:37:39.739+0900 [DEBUG] [org.gradle.internal.remote.internal.inet.TcpIncomingConnector] Accepted connection from /127.0.0.1:54451 to /127.0.0.1:54391.
2025-07-01T19:37:39.740+0900 [DEBUG] [org.gradle.launcher.daemon.server.SynchronizedDispatchConnection] thread 159: received class org.gradle.launcher.daemon.protocol.Build
2025-07-01T19:37:39.740+0900 [DEBUG] [org.gradle.launcher.daemon.server.DefaultDaemonConnection] thread 159: Received non-IO message from client: Build{id=2481af5e-308e-45f7-8a4c-2b97d7a4c6d5, currentDir=/Users/jeong-eunjin/Spring-STUDY/eunjin}
2025-07-01T19:37:39.741+0900 [INFO] [org.gradle.launcher.daemon.server.DefaultIncomingConnectionHandler] Received command: Build{id=2481af5e-308e-45f7-8a4c-2b97d7a4c6d5, currentDir=/Users/jeong-eunjin/Spring-STUDY/eunjin}.
2025-07-01T19:37:39.741+0900 [DEBUG] [org.gradle.launcher.daemon.server.DefaultIncomingConnectionHandler] Starting executing command: Build{id=2481af5e-308e-45f7-8a4c-2b97d7a4c6d5, currentDir=/Users/jeong-eunjin/Spring-STUDY/eunjin} with connection: socket connection from /127.0.0.1:54391 to /127.0.0.1:54451.
2025-07-01T19:37:39.741+0900 [DEBUG] [org.gradle.launcher.daemon.server.DaemonStateCoordinator] Command execution: started DaemonCommandExecution[command = Build{id=2481af5e-308e-45f7-8a4c-2b97d7a4c6d5, currentDir=/Users/jeong-eunjin/Spring-STUDY/eunjin}, connection = DefaultDaemonConnection: socket connection from /127.0.0.1:54391 to /127.0.0.1:54451] after 0.7643666666666667 minutes of idle
2025-07-01T19:37:39.741+0900 [INFO] [org.gradle.launcher.daemon.server.DaemonRegistryUpdater] Marking the daemon as busy, address: [6a4c151b-b1e6-4341-b885-2cd611031f56 port:54391, addresses:[localhost/127.0.0.1]]
2025-07-01T19:37:39.741+0900 [DEBUG] [org.gradle.launcher.daemon.registry.PersistentDaemonRegistry] Marking busy by address: [6a4c151b-b1e6-4341-b885-2cd611031f56 port:54391, addresses:[localhost/127.0.0.1]]
2025-07-01T19:37:39.741+0900 [DEBUG] [org.gradle.cache.internal.DefaultFileLockManager] Waiting to acquire exclusive lock on daemon addresses registry.
2025-07-01T19:37:39.742+0900 [DEBUG] [org.gradle.cache.internal.DefaultFileLockManager] Lock acquired on daemon addresses registry.
2025-07-01T19:37:39.743+0900 [DEBUG] [org.gradle.cache.internal.DefaultFileLockManager] Releasing lock on daemon addresses registry.
2025-07-01T19:37:39.743+0900 [DEBUG] [org.gradle.launcher.daemon.server.DaemonStateCoordinator] resetting idle timer
2025-07-01T19:37:39.743+0900 [DEBUG] [org.gradle.launcher.daemon.server.DaemonStateCoordinator] daemon is running. Sleeping until state changes.
2025-07-01T19:37:39.744+0900 [INFO] [org.gradle.launcher.daemon.server.exec.StartBuildOrRespondWithBusy] Daemon is about to start building Build{id=2481af5e-308e-45f7-8a4c-2b97d7a4c6d5, currentDir=/Users/jeong-eunjin/Spring-STUDY/eunjin}. Dispatching build started information...
2025-07-01T19:37:39.744+0900 [DEBUG] [org.gradle.launcher.daemon.server.SynchronizedDispatchConnection] thread 23: dispatching org.gradle.launcher.daemon.protocol.BuildStarted@be81e4e
2025-07-01T19:37:39.744+0900 [DEBUG] [org.gradle.launcher.daemon.server.exec.EstablishBuildEnvironment] Configuring env variables: [PATH, __CFBundleIdentifier, SHELL, CPPFLAGS, IJ_RESTARTER_LOG, JAVA_HOME, OLDPWD, USER, COMMAND_MODE, TMPDIR, SSH_AUTH_SOCK, XPC_FLAGS, __CF_USER_TEXT_ENCODING, LOGNAME, LC_CTYPE, XPC_SERVICE_NAME, HOME]
2025-07-01T19:37:39.745+0900 [DEBUG] [org.gradle.launcher.daemon.server.exec.LogToClient] About to start relaying all logs to the client via the connection.
2025-07-01T19:37:39.745+0900 [INFO] [org.gradle.launcher.daemon.server.exec.LogToClient] The client will now receive all logging from the daemon (pid: 87790). The daemon log file: /Users/jeong-eunjin/Spring-STUDY/eunjin/gradle/wrapper/daemon/8.14.2/daemon-87790.out.log
2025-07-01T19:37:39.749+0900 [INFO] [org.gradle.launcher.daemon.server.exec.LogAndCheckHealth] Starting 2nd build in daemon [uptime: 1 mins 23.344 secs, performance: 100%, GC rate: 0.00/s, heap usage: 0% of 512 MiB, non-heap usage: 19% of 384 MiB]
2025-07-01T19:37:39.750+0900 [DEBUG] [org.gradle.launcher.daemon.server.exec.ExecuteBuild] The daemon has started executing the build.
2025-07-01T19:37:39.750+0900 [DEBUG] [org.gradle.launcher.daemon.server.exec.ExecuteBuild] Executing build with daemon context: DefaultDaemonContext[uid=e937af21-d7d2-4b07-aca9-bf9b765e4eca,javaHome=/opt/homebrew/Cellar/openjdk@17/17.0.15/libexec/openjdk.jdk/Contents/Home,javaVersion=17,javaVendor=Homebrew,daemonRegistryDir=/Users/jeong-eunjin/Spring-STUDY/eunjin/gradle/wrapper/daemon,pid=87790,idleTimeout=10800000,priority=NORMAL,applyInstrumentationAgent=true,nativeServicesMode=ENABLED,daemonOpts=-XX:MaxMetaspaceSize=384m,-XX:+HeapDumpOnOutOfMemoryError,-Xms256m,-Xmx512m,-Dfile.encoding=UTF-8,-Duser.country=KR,-Duser.language=ko,-Duser.variant]

  .   ____          _            __ _ _
 /\\ / ___'_ __ _ _(_)_ __  __ _ \ \ \ \
( ( )\___ | '_ | '_| | '_ \/ _` | \ \ \ \
 \\/  ___)| |_)| | | | | || (_| |  ) ) ) )
  '  |____| .__|_| |_|_| |_\__, | / / / /
 =========|_|==============|___/=/_/_/_/

 :: Spring Boot ::                (v3.5.3)

2025-07-01T19:37:41.710+09:00  INFO 87942 --- [eunjin] [           main] com.example.eunjin.EunjinApplication     : Starting EunjinApplication using Java 17.0.15 with PID 87942 (/Users/jeong-eunjin/Spring-STUDY/eunjin/build/classes/java/main started by jeong-eunjin in /Users/jeong-eunjin/Spring-STUDY/eunjin)
2025-07-01T19:37:41.715+09:00  INFO 87942 --- [eunjin] [           main] com.example.eunjin.EunjinApplication     : No active profile set, falling back to 1 default profile: "default"
2025-07-01T19:37:42.441+09:00  INFO 87942 --- [eunjin] [           main] .s.d.r.c.RepositoryConfigurationDelegate : Bootstrapping Spring Data JPA repositories in DEFAULT mode.
2025-07-01T19:37:42.458+09:00  INFO 87942 --- [eunjin] [           main] .s.d.r.c.RepositoryConfigurationDelegate : Finished Spring Data repository scanning in 9 ms. Found 0 JPA repository interfaces.
2025-07-01T19:37:42.810+09:00  INFO 87942 --- [eunjin] [           main] o.s.b.w.embedded.tomcat.TomcatWebServer  : Tomcat initialized with port 8080 (http)
2025-07-01T19:37:42.820+09:00  INFO 87942 --- [eunjin] [           main] o.apache.catalina.core.StandardService   : Starting service [Tomcat]
2025-07-01T19:37:42.820+09:00  INFO 87942 --- [eunjin] [           main] o.apache.catalina.core.StandardEngine    : Starting Servlet engine: [Apache Tomcat/10.1.42]
2025-07-01T19:37:42.858+09:00  INFO 87942 --- [eunjin] [           main] o.a.c.c.C.[Tomcat].[localhost].[/]       : Initializing Spring embedded WebApplicationContext
2025-07-01T19:37:42.859+09:00  INFO 87942 --- [eunjin] [           main] w.s.c.ServletWebServerApplicationContext : Root WebApplicationContext: initialization completed in 1072 ms
2025-07-01T19:37:42.952+09:00  INFO 87942 --- [eunjin] [           main] com.zaxxer.hikari.HikariDataSource       : HikariPool-1 - Starting...
2025-07-01T19:37:43.061+09:00  INFO 87942 --- [eunjin] [           main] com.zaxxer.hikari.pool.HikariPool        : HikariPool-1 - Added connection conn0: url=jdbc:h2:mem:20ff17e5-b27a-43dd-91ad-710190dc94f1 user=SA
2025-07-01T19:37:43.062+09:00  INFO 87942 --- [eunjin] [           main] com.zaxxer.hikari.HikariDataSource       : HikariPool-1 - Start completed.
2025-07-01T19:37:43.094+09:00  INFO 87942 --- [eunjin] [           main] o.hibernate.jpa.internal.util.LogHelper  : HHH000204: Processing PersistenceUnitInfo [name: default]
2025-07-01T19:37:43.118+09:00  INFO 87942 --- [eunjin] [           main] org.hibernate.Version                    : HHH000412: Hibernate ORM core version 6.6.18.Final
2025-07-01T19:37:43.136+09:00  INFO 87942 --- [eunjin] [           main] o.h.c.internal.RegionFactoryInitiator    : HHH000026: Second-level cache disabled
2025-07-01T19:37:43.323+09:00  INFO 87942 --- [eunjin] [           main] o.s.o.j.p.SpringPersistenceUnitInfo      : No LoadTimeWeaver setup: ignoring JPA class transformer
2025-07-01T19:37:43.366+09:00  INFO 87942 --- [eunjin] [           main] org.hibernate.orm.connections.pooling    : HHH10001005: Database info:
	Database JDBC URL [Connecting through datasource 'HikariDataSource (HikariPool-1)']
	Database driver: undefined/unknown
	Database version: 2.3.232
	Autocommit mode: undefined/unknown
	Isolation level: undefined/unknown
	Minimum pool size: undefined/unknown
	Maximum pool size: undefined/unknown
2025-07-01T19:37:43.574+09:00  INFO 87942 --- [eunjin] [           main] o.h.e.t.j.p.i.JtaPlatformInitiator       : HHH000489: No JTA platform available (set 'hibernate.transaction.jta.platform' to enable JTA platform integration)
2025-07-01T19:37:43.577+09:00  INFO 87942 --- [eunjin] [           main] j.LocalContainerEntityManagerFactoryBean : Initialized JPA EntityManagerFactory for persistence unit 'default'
2025-07-01T19:37:43.604+09:00  WARN 87942 --- [eunjin] [           main] JpaBaseConfiguration$JpaWebConfiguration : spring.jpa.open-in-view is enabled by default. Therefore, database queries may be performed during view rendering. Explicitly configure spring.jpa.open-in-view to disable this warning
2025-07-01T19:37:43.862+09:00  INFO 87942 --- [eunjin] [           main] o.s.b.w.embedded.tomcat.TomcatWebServer  : Tomcat started on port 8080 (http) with context path '/'
2025-07-01T19:37:43.871+09:00  INFO 87942 --- [eunjin] [           main] com.example.eunjin.EunjinApplication     : Started EunjinApplication in 2.571 seconds (process running for 2.896)
2025-07-01T19:37:57.176+09:00  INFO 87942 --- [eunjin] [nio-8080-exec-1] o.a.c.c.C.[Tomcat].[localhost].[/]       : Initializing Spring DispatcherServlet 'dispatcherServlet'
2025-07-01T19:37:57.176+09:00  INFO 87942 --- [eunjin] [nio-8080-exec-1] o.s.web.servlet.DispatcherServlet        : Initializing Servlet 'dispatcherServlet'
2025-07-01T19:37:57.177+09:00  INFO 87942 --- [eunjin] [nio-8080-exec-1] o.s.web.servlet.DispatcherServlet        : Completed initialization in 1 ms
