2025-07-23T15:17:33.075+0900 [DEBUG] [org.gradle.launcher.daemon.bootstrap.DaemonMain] Assuming the daemon was started with following jvm opts: [-XX:MaxMetaspaceSize=384m, -XX:+HeapDumpOnOutOfMemoryError, -Xms256m, -Xmx512m, -Dfile.encoding=UTF-8, -Duser.country=KR, -Duser.language=ko, -Duser.variant]
2025-07-23T15:17:33.204+0900 [DEBUG] [org.gradle.internal.remote.internal.inet.InetAddresses] Adding IP addresses for network interface utun7
2025-07-23T15:17:33.205+0900 [DEBUG] [org.gradle.internal.remote.internal.inet.InetAddresses] Is this a loopback interface? false
2025-07-23T15:17:33.205+0900 [DEBUG] [org.gradle.internal.remote.internal.inet.InetAddresses] Adding remote address /fe80:0:0:0:650e:1d39:da97:4330%utun7
2025-07-23T15:17:33.205+0900 [DEBUG] [org.gradle.internal.remote.internal.inet.InetAddresses] Adding IP addresses for network interface utun6
2025-07-23T15:17:33.206+0900 [DEBUG] [org.gradle.internal.remote.internal.inet.InetAddresses] Is this a loopback interface? false
2025-07-23T15:17:33.206+0900 [DEBUG] [org.gradle.internal.remote.internal.inet.InetAddresses] Adding remote address /fe80:0:0:0:604a:7d6:b960:4d6d%utun6
2025-07-23T15:17:33.207+0900 [DEBUG] [org.gradle.internal.remote.internal.inet.InetAddresses] Adding IP addresses for network interface utun5
2025-07-23T15:17:33.207+0900 [DEBUG] [org.gradle.internal.remote.internal.inet.InetAddresses] Is this a loopback interface? false
2025-07-23T15:17:33.207+0900 [DEBUG] [org.gradle.internal.remote.internal.inet.InetAddresses] Adding remote address /fe80:0:0:0:9bf9:8b1a:d3f1:9274%utun5
2025-07-23T15:17:33.208+0900 [DEBUG] [org.gradle.internal.remote.internal.inet.InetAddresses] Adding IP addresses for network interface utun4
2025-07-23T15:17:33.208+0900 [DEBUG] [org.gradle.internal.remote.internal.inet.InetAddresses] Is this a loopback interface? false
2025-07-23T15:17:33.208+0900 [DEBUG] [org.gradle.internal.remote.internal.inet.InetAddresses] Adding remote address /fe80:0:0:0:4cc3:ca16:677b:7d4c%utun4
2025-07-23T15:17:33.208+0900 [DEBUG] [org.gradle.internal.remote.internal.inet.InetAddresses] Adding IP addresses for network interface utun3
2025-07-23T15:17:33.209+0900 [DEBUG] [org.gradle.internal.remote.internal.inet.InetAddresses] Is this a loopback interface? false
2025-07-23T15:17:33.209+0900 [DEBUG] [org.gradle.internal.remote.internal.inet.InetAddresses] Adding remote address /fe80:0:0:0:ce81:b1c:bd2c:69e%utun3
2025-07-23T15:17:33.209+0900 [DEBUG] [org.gradle.internal.remote.internal.inet.InetAddresses] Adding IP addresses for network interface utun2
2025-07-23T15:17:33.209+0900 [DEBUG] [org.gradle.internal.remote.internal.inet.InetAddresses] Is this a loopback interface? false
2025-07-23T15:17:33.209+0900 [DEBUG] [org.gradle.internal.remote.internal.inet.InetAddresses] Adding remote address /fe80:0:0:0:84d0:ed04:9841:edfc%utun2
2025-07-23T15:17:33.210+0900 [DEBUG] [org.gradle.internal.remote.internal.inet.InetAddresses] Adding IP addresses for network interface utun1
2025-07-23T15:17:33.210+0900 [DEBUG] [org.gradle.internal.remote.internal.inet.InetAddresses] Is this a loopback interface? false
2025-07-23T15:17:33.210+0900 [DEBUG] [org.gradle.internal.remote.internal.inet.InetAddresses] Adding remote address /fe80:0:0:0:3ed5:7cd9:30e5:9664%utun1
2025-07-23T15:17:33.210+0900 [DEBUG] [org.gradle.internal.remote.internal.inet.InetAddresses] Adding IP addresses for network interface utun0
2025-07-23T15:17:33.210+0900 [DEBUG] [org.gradle.internal.remote.internal.inet.InetAddresses] Is this a loopback interface? false
2025-07-23T15:17:33.211+0900 [DEBUG] [org.gradle.internal.remote.internal.inet.InetAddresses] Adding remote address /fe80:0:0:0:b3b3:5ee7:aaa5:afb8%utun0
2025-07-23T15:17:33.211+0900 [DEBUG] [org.gradle.internal.remote.internal.inet.InetAddresses] Adding IP addresses for network interface llw0
2025-07-23T15:17:33.211+0900 [DEBUG] [org.gradle.internal.remote.internal.inet.InetAddresses] Is this a loopback interface? false
2025-07-23T15:17:33.211+0900 [DEBUG] [org.gradle.internal.remote.internal.inet.InetAddresses] Adding remote address /fe80:0:0:0:6cc9:15ff:fe84:c1a1%llw0
2025-07-23T15:17:33.211+0900 [DEBUG] [org.gradle.internal.remote.internal.inet.InetAddresses] Adding IP addresses for network interface awdl0
2025-07-23T15:17:33.212+0900 [DEBUG] [org.gradle.internal.remote.internal.inet.InetAddresses] Is this a loopback interface? false
2025-07-23T15:17:33.212+0900 [DEBUG] [org.gradle.internal.remote.internal.inet.InetAddresses] Adding remote address /fe80:0:0:0:6cc9:15ff:fe84:c1a1%awdl0
2025-07-23T15:17:33.212+0900 [DEBUG] [org.gradle.internal.remote.internal.inet.InetAddresses] Adding IP addresses for network interface en0
2025-07-23T15:17:33.212+0900 [DEBUG] [org.gradle.internal.remote.internal.inet.InetAddresses] Is this a loopback interface? false
2025-07-23T15:17:33.212+0900 [DEBUG] [org.gradle.internal.remote.internal.inet.InetAddresses] Adding remote address /2001:2d8:21da:3e10:70d3:3f54:8210:89fd%en0
2025-07-23T15:17:33.213+0900 [DEBUG] [org.gradle.internal.remote.internal.inet.InetAddresses] Adding remote address /2001:2d8:21da:3e10:1c02:95ba:ffc5:aa76%en0
2025-07-23T15:17:33.213+0900 [DEBUG] [org.gradle.internal.remote.internal.inet.InetAddresses] Adding remote address /fe80:0:0:0:18ab:c9a:d91e:8e8d%en0
2025-07-23T15:17:33.213+0900 [DEBUG] [org.gradle.internal.remote.internal.inet.InetAddresses] Adding remote address /192.0.0.2
2025-07-23T15:17:33.213+0900 [DEBUG] [org.gradle.internal.remote.internal.inet.InetAddresses] Adding IP addresses for network interface lo0
2025-07-23T15:17:33.213+0900 [DEBUG] [org.gradle.internal.remote.internal.inet.InetAddresses] Is this a loopback interface? true
2025-07-23T15:17:33.213+0900 [DEBUG] [org.gradle.internal.remote.internal.inet.InetAddresses] Ignoring remote address on loopback interface /fe80:0:0:0:0:0:0:1%lo0
2025-07-23T15:17:33.214+0900 [DEBUG] [org.gradle.internal.remote.internal.inet.InetAddresses] Adding loopback address /0:0:0:0:0:0:0:1%lo0
2025-07-23T15:17:33.214+0900 [DEBUG] [org.gradle.internal.remote.internal.inet.InetAddresses] Adding loopback address /127.0.0.1
2025-07-23T15:17:33.264+0900 [INFO] [org.gradle.launcher.daemon.server.Daemon] start() called on daemon - DefaultDaemonContext[uid=713c6467-50f7-4cb2-b705-bc6eb84baf4e,javaHome=/opt/homebrew/Cellar/openjdk@17/17.0.15/libexec/openjdk.jdk/Contents/Home,javaVersion=17,javaVendor=Homebrew,daemonRegistryDir=/Users/jeong-eunjin/Spring-STUDY/eunjin/gradle/wrapper/daemon,pid=70539,idleTimeout=10800000,priority=NORMAL,applyInstrumentationAgent=true,nativeServicesMode=ENABLED,daemonOpts=-XX:MaxMetaspaceSize=384m,-XX:+HeapDumpOnOutOfMemoryError,-Xms256m,-Xmx512m,-Dfile.encoding=UTF-8,-Duser.country=KR,-Duser.language=ko,-Duser.variant]
2025-07-23T15:17:33.290+0900 [DEBUG] [org.gradle.internal.remote.internal.inet.TcpIncomingConnector] Listening on [ef6ac990-5c39-4dc4-ba5f-28ff0154bd79 port:62303, addresses:[localhost/127.0.0.1]].
2025-07-23T15:17:33.303+0900 [DEBUG] [org.gradle.launcher.daemon.server.Daemon] Daemon starting at: Wed Jul 23 15:17:33 KST 2025, with address: [ef6ac990-5c39-4dc4-ba5f-28ff0154bd79 port:62303, addresses:[localhost/127.0.0.1]]
2025-07-23T15:17:33.303+0900 [INFO] [org.gradle.launcher.daemon.server.DaemonRegistryUpdater] Advertising the daemon address to the clients: [ef6ac990-5c39-4dc4-ba5f-28ff0154bd79 port:62303, addresses:[localhost/127.0.0.1]]
2025-07-23T15:17:33.303+0900 [DEBUG] [org.gradle.launcher.daemon.server.DaemonRegistryUpdater] Advertised daemon context: DefaultDaemonContext[uid=713c6467-50f7-4cb2-b705-bc6eb84baf4e,javaHome=/opt/homebrew/Cellar/openjdk@17/17.0.15/libexec/openjdk.jdk/Contents/Home,javaVersion=17,javaVendor=Homebrew,daemonRegistryDir=/Users/jeong-eunjin/Spring-STUDY/eunjin/gradle/wrapper/daemon,pid=70539,idleTimeout=10800000,priority=NORMAL,applyInstrumentationAgent=true,nativeServicesMode=ENABLED,daemonOpts=-XX:MaxMetaspaceSize=384m,-XX:+HeapDumpOnOutOfMemoryError,-Xms256m,-Xmx512m,-Dfile.encoding=UTF-8,-Duser.country=KR,-Duser.language=ko,-Duser.variant]
2025-07-23T15:17:33.304+0900 [DEBUG] [org.gradle.launcher.daemon.registry.PersistentDaemonRegistry] Storing daemon address: [ef6ac990-5c39-4dc4-ba5f-28ff0154bd79 port:62303, addresses:[localhost/127.0.0.1]], context: DefaultDaemonContext[uid=713c6467-50f7-4cb2-b705-bc6eb84baf4e,javaHome=/opt/homebrew/Cellar/openjdk@17/17.0.15/libexec/openjdk.jdk/Contents/Home,javaVersion=17,javaVendor=Homebrew,daemonRegistryDir=/Users/jeong-eunjin/Spring-STUDY/eunjin/gradle/wrapper/daemon,pid=70539,idleTimeout=10800000,priority=NORMAL,applyInstrumentationAgent=true,nativeServicesMode=ENABLED,daemonOpts=-XX:MaxMetaspaceSize=384m,-XX:+HeapDumpOnOutOfMemoryError,-Xms256m,-Xmx512m,-Dfile.encoding=UTF-8,-Duser.country=KR,-Duser.language=ko,-Duser.variant]
2025-07-23T15:17:33.311+0900 [DEBUG] [org.gradle.cache.internal.DefaultFileLockManager] Waiting to acquire exclusive lock on daemon addresses registry.
2025-07-23T15:17:33.314+0900 [DEBUG] [org.gradle.cache.internal.DefaultFileLockManager] Lock acquired on daemon addresses registry.
2025-07-23T15:17:33.317+0900 [DEBUG] [org.gradle.cache.internal.DefaultFileLockManager] Releasing lock on daemon addresses registry.
2025-07-23T15:17:33.317+0900 [LIFECYCLE] [org.gradle.launcher.daemon.server.Daemon] Daemon server started.
2025-07-23T15:17:33.318+0900 [DEBUG] [org.gradle.launcher.daemon.bootstrap.DaemonStartupCommunication] Completed writing the daemon greeting. Closing streams...
2025-07-23T15:17:33.323+0900 [DEBUG] [org.gradle.internal.remote.internal.inet.TcpIncomingConnector] Accepted connection from /127.0.0.1:62304 to /127.0.0.1:62303.
2025-07-23T15:17:33.324+0900 [DEBUG] [org.gradle.launcher.daemon.server.Daemon] stopOnExpiration() called on daemon
2025-07-23T15:17:33.325+0900 [DEBUG] [org.gradle.launcher.daemon.server.Daemon] awaitExpiration() called on daemon
2025-07-23T15:17:33.325+0900 [DEBUG] [org.gradle.launcher.daemon.server.DaemonStateCoordinator] daemon is running. Sleeping until state changes.
2025-07-23T15:17:33.355+0900 [DEBUG] [org.gradle.launcher.daemon.server.SynchronizedDispatchConnection] thread 21: received class org.gradle.launcher.daemon.protocol.Build
2025-07-23T15:17:33.367+0900 [DEBUG] [org.gradle.launcher.daemon.server.DefaultDaemonConnection] thread 21: Received non-IO message from client: Build{id=77cd576e-368b-4495-a6e5-b1a58b7667eb, currentDir=/Users/jeong-eunjin/Spring-STUDY/eunjin}
2025-07-23T15:17:33.371+0900 [INFO] [org.gradle.launcher.daemon.server.DefaultIncomingConnectionHandler] Received command: Build{id=77cd576e-368b-4495-a6e5-b1a58b7667eb, currentDir=/Users/jeong-eunjin/Spring-STUDY/eunjin}.
2025-07-23T15:17:33.375+0900 [DEBUG] [org.gradle.launcher.daemon.server.DefaultIncomingConnectionHandler] Starting executing command: Build{id=77cd576e-368b-4495-a6e5-b1a58b7667eb, currentDir=/Users/jeong-eunjin/Spring-STUDY/eunjin} with connection: socket connection from /127.0.0.1:62303 to /127.0.0.1:62304.
2025-07-23T15:17:33.381+0900 [DEBUG] [org.gradle.launcher.daemon.server.DaemonStateCoordinator] Command execution: started DaemonCommandExecution[command = Build{id=77cd576e-368b-4495-a6e5-b1a58b7667eb, currentDir=/Users/jeong-eunjin/Spring-STUDY/eunjin}, connection = DefaultDaemonConnection: socket connection from /127.0.0.1:62303 to /127.0.0.1:62304] after 0.0015833333333333333 minutes of idle
2025-07-23T15:17:33.385+0900 [INFO] [org.gradle.launcher.daemon.server.DaemonRegistryUpdater] Marking the daemon as busy, address: [ef6ac990-5c39-4dc4-ba5f-28ff0154bd79 port:62303, addresses:[localhost/127.0.0.1]]
2025-07-23T15:17:33.385+0900 [DEBUG] [org.gradle.launcher.daemon.registry.PersistentDaemonRegistry] Marking busy by address: [ef6ac990-5c39-4dc4-ba5f-28ff0154bd79 port:62303, addresses:[localhost/127.0.0.1]]
2025-07-23T15:17:33.385+0900 [DEBUG] [org.gradle.cache.internal.DefaultFileLockManager] Waiting to acquire exclusive lock on daemon addresses registry.
2025-07-23T15:17:33.386+0900 [DEBUG] [org.gradle.cache.internal.DefaultFileLockManager] Lock acquired on daemon addresses registry.
2025-07-23T15:17:33.386+0900 [DEBUG] [org.gradle.cache.internal.DefaultFileLockManager] Releasing lock on daemon addresses registry.
2025-07-23T15:17:33.387+0900 [DEBUG] [org.gradle.launcher.daemon.server.DaemonStateCoordinator] resetting idle timer
2025-07-23T15:17:33.387+0900 [DEBUG] [org.gradle.launcher.daemon.server.DaemonStateCoordinator] daemon is running. Sleeping until state changes.
2025-07-23T15:17:33.388+0900 [INFO] [org.gradle.launcher.daemon.server.exec.StartBuildOrRespondWithBusy] Daemon is about to start building Build{id=77cd576e-368b-4495-a6e5-b1a58b7667eb, currentDir=/Users/jeong-eunjin/Spring-STUDY/eunjin}. Dispatching build started information...
2025-07-23T15:17:33.388+0900 [DEBUG] [org.gradle.launcher.daemon.server.SynchronizedDispatchConnection] thread 23: dispatching org.gradle.launcher.daemon.protocol.BuildStarted@5573b539
2025-07-23T15:17:33.389+0900 [DEBUG] [org.gradle.launcher.daemon.server.exec.EstablishBuildEnvironment] Configuring env variables: [PATH, __CFBundleIdentifier, SHELL, CPPFLAGS, JAVA_HOME, OLDPWD, USER, COMMAND_MODE, TMPDIR, SSH_AUTH_SOCK, XPC_FLAGS, __CF_USER_TEXT_ENCODING, LOGNAME, LC_CTYPE, XPC_SERVICE_NAME, HOME]
2025-07-23T15:17:33.392+0900 [DEBUG] [org.gradle.launcher.daemon.server.exec.LogToClient] About to start relaying all logs to the client via the connection.
2025-07-23T15:17:33.392+0900 [INFO] [org.gradle.launcher.daemon.server.exec.LogToClient] The client will now receive all logging from the daemon (pid: 70539). The daemon log file: /Users/jeong-eunjin/Spring-STUDY/eunjin/gradle/wrapper/daemon/8.14.3/daemon-70539.out.log
2025-07-23T15:17:33.394+0900 [INFO] [org.gradle.launcher.daemon.server.exec.LogAndCheckHealth] Starting build in new daemon [memory: 512 MiB]
2025-07-23T15:17:33.395+0900 [DEBUG] [org.gradle.launcher.daemon.server.exec.ExecuteBuild] The daemon has started executing the build.
2025-07-23T15:17:33.395+0900 [DEBUG] [org.gradle.launcher.daemon.server.exec.ExecuteBuild] Executing build with daemon context: DefaultDaemonContext[uid=713c6467-50f7-4cb2-b705-bc6eb84baf4e,javaHome=/opt/homebrew/Cellar/openjdk@17/17.0.15/libexec/openjdk.jdk/Contents/Home,javaVersion=17,javaVendor=Homebrew,daemonRegistryDir=/Users/jeong-eunjin/Spring-STUDY/eunjin/gradle/wrapper/daemon,pid=70539,idleTimeout=10800000,priority=NORMAL,applyInstrumentationAgent=true,nativeServicesMode=ENABLED,daemonOpts=-XX:MaxMetaspaceSize=384m,-XX:+HeapDumpOnOutOfMemoryError,-Xms256m,-Xmx512m,-Dfile.encoding=UTF-8,-Duser.country=KR,-Duser.language=ko,-Duser.variant]

  .   ____          _            __ _ _
 /\\ / ___'_ __ _ _(_)_ __  __ _ \ \ \ \
( ( )\___ | '_ | '_| | '_ \/ _` | \ \ \ \
 \\/  ___)| |_)| | | | | || (_| |  ) ) ) )
  '  |____| .__|_| |_|_| |_\__, | / / / /
 =========|_|==============|___/=/_/_/_/

 :: Spring Boot ::                (v3.5.3)

2025-07-23T15:17:39.185+09:00  INFO 70541 --- [eunjin] [           main] com.example.eunjin.EunjinApplication     : Starting EunjinApplication using Java 17.0.15 with PID 70541 (/Users/jeong-eunjin/Spring-STUDY/eunjin/build/classes/java/main started by jeong-eunjin in /Users/jeong-eunjin/Spring-STUDY/eunjin)
2025-07-23T15:17:39.191+09:00  INFO 70541 --- [eunjin] [           main] com.example.eunjin.EunjinApplication     : No active profile set, falling back to 1 default profile: "default"
2025-07-23T15:17:39.636+09:00  INFO 70541 --- [eunjin] [           main] .s.d.r.c.RepositoryConfigurationDelegate : Bootstrapping Spring Data JPA repositories in DEFAULT mode.
2025-07-23T15:17:39.670+09:00  INFO 70541 --- [eunjin] [           main] .s.d.r.c.RepositoryConfigurationDelegate : Finished Spring Data repository scanning in 27 ms. Found 1 JPA repository interface.
2025-07-23T15:17:39.984+09:00  INFO 70541 --- [eunjin] [           main] o.s.b.w.embedded.tomcat.TomcatWebServer  : Tomcat initialized with port 8080 (http)
2025-07-23T15:17:39.994+09:00  INFO 70541 --- [eunjin] [           main] o.apache.catalina.core.StandardService   : Starting service [Tomcat]
2025-07-23T15:17:39.994+09:00  INFO 70541 --- [eunjin] [           main] o.apache.catalina.core.StandardEngine    : Starting Servlet engine: [Apache Tomcat/10.1.42]
2025-07-23T15:17:40.030+09:00  INFO 70541 --- [eunjin] [           main] o.a.c.c.C.[Tomcat].[localhost].[/]       : Initializing Spring embedded WebApplicationContext
2025-07-23T15:17:40.031+09:00  INFO 70541 --- [eunjin] [           main] w.s.c.ServletWebServerApplicationContext : Root WebApplicationContext: initialization completed in 801 ms
2025-07-23T15:17:40.125+09:00  INFO 70541 --- [eunjin] [           main] com.zaxxer.hikari.HikariDataSource       : HikariPool-1 - Starting...
2025-07-23T15:17:40.235+09:00  INFO 70541 --- [eunjin] [           main] com.zaxxer.hikari.pool.HikariPool        : HikariPool-1 - Added connection conn0: url=jdbc:h2:mem:a7947fb0-76d6-4ffd-b777-180ec889c2b5 user=SA
2025-07-23T15:17:40.236+09:00  INFO 70541 --- [eunjin] [           main] com.zaxxer.hikari.HikariDataSource       : HikariPool-1 - Start completed.
2025-07-23T15:17:40.271+09:00  INFO 70541 --- [eunjin] [           main] o.hibernate.jpa.internal.util.LogHelper  : HHH000204: Processing PersistenceUnitInfo [name: default]
2025-07-23T15:17:40.305+09:00  INFO 70541 --- [eunjin] [           main] org.hibernate.Version                    : HHH000412: Hibernate ORM core version 6.6.18.Final
2025-07-23T15:17:40.328+09:00  INFO 70541 --- [eunjin] [           main] o.h.c.internal.RegionFactoryInitiator    : HHH000026: Second-level cache disabled
2025-07-23T15:17:40.511+09:00  INFO 70541 --- [eunjin] [           main] o.s.o.j.p.SpringPersistenceUnitInfo      : No LoadTimeWeaver setup: ignoring JPA class transformer
2025-07-23T15:17:40.560+09:00  INFO 70541 --- [eunjin] [           main] org.hibernate.orm.connections.pooling    : HHH10001005: Database info:
	Database JDBC URL [Connecting through datasource 'HikariDataSource (HikariPool-1)']
	Database driver: undefined/unknown
	Database version: 2.3.232
	Autocommit mode: undefined/unknown
	Isolation level: undefined/unknown
	Minimum pool size: undefined/unknown
	Maximum pool size: undefined/unknown
2025-07-23T15:17:40.970+09:00  INFO 70541 --- [eunjin] [           main] o.h.m.i.EntityInstantiatorPojoStandard   : HHH000182: No default (no-argument) constructor for class: com.example.eunjin.entity.Article (class must be instantiated by Interceptor)
2025-07-23T15:17:41.077+09:00  INFO 70541 --- [eunjin] [           main] o.h.e.t.j.p.i.JtaPlatformInitiator       : HHH000489: No JTA platform available (set 'hibernate.transaction.jta.platform' to enable JTA platform integration)
2025-07-23T15:17:41.093+09:00  INFO 70541 --- [eunjin] [           main] j.LocalContainerEntityManagerFactoryBean : Initialized JPA EntityManagerFactory for persistence unit 'default'
2025-07-23T15:17:41.224+09:00  WARN 70541 --- [eunjin] [           main] JpaBaseConfiguration$JpaWebConfiguration : spring.jpa.open-in-view is enabled by default. Therefore, database queries may be performed during view rendering. Explicitly configure spring.jpa.open-in-view to disable this warning
2025-07-23T15:17:41.482+09:00  INFO 70541 --- [eunjin] [           main] o.s.b.w.embedded.tomcat.TomcatWebServer  : Tomcat started on port 8080 (http) with context path '/'
2025-07-23T15:17:41.490+09:00  INFO 70541 --- [eunjin] [           main] com.example.eunjin.EunjinApplication     : Started EunjinApplication in 2.613 seconds (process running for 2.898)
2025-07-23T15:19:22.808+09:00  INFO 70541 --- [eunjin] [nio-8080-exec-1] o.a.c.c.C.[Tomcat].[localhost].[/]       : Initializing Spring DispatcherServlet 'dispatcherServlet'
2025-07-23T15:19:22.808+09:00  INFO 70541 --- [eunjin] [nio-8080-exec-1] o.s.web.servlet.DispatcherServlet        : Initializing Servlet 'dispatcherServlet'
2025-07-23T15:19:22.810+09:00  INFO 70541 --- [eunjin] [nio-8080-exec-1] o.s.web.servlet.DispatcherServlet        : Completed initialization in 2 ms
ArticleForm{title='abcd', content='12345'}
Article{id=null, title='abcd', content='12345'}
Article{id=1, title='abcd', content='12345'}
ArticleForm{title='abcd', content='12345'}
Article{id=null, title='abcd', content='12345'}
Article{id=2, title='abcd', content='12345'}
ArticleForm{title='abcd', content='12345'}
Article{id=null, title='abcd', content='12345'}
Article{id=3, title='abcd', content='12345'}
2025-07-23T15:44:06.246+09:00  WARN 70541 --- [eunjin] [l-1:housekeeper] com.zaxxer.hikari.pool.HikariPool        : HikariPool-1 - Thread starvation or clock leap detected (housekeeper delta=1m55s802ms).

FAILURE: Build failed with an exception.

* What went wrong:
Execution failed for task ':com.example.eunjin.EunjinApplication.main()'.
> Build cancelled while executing task ':com.example.eunjin.EunjinApplication.main()'

* Try:
> Run with --stacktrace option to get the stack trace.
> Run with --info or --debug option to get more log output.
> Run with --scan to get full insights.
> Get more help at https://help.gradle.org.

BUILD FAILED in 30m 15s
3 actionable tasks: 1 executed, 2 up-to-date
2025-07-23T15:47:46.725+0900 [DEBUG] [org.gradle.launcher.daemon.server.exec.ExecuteBuild] The daemon has finished executing the build.
2025-07-23T15:47:46.737+0900 [DEBUG] [org.gradle.launcher.daemon.server.DaemonStateCoordinator] Cancel: daemon is busy, sleeping until state changes.
2025-07-23T15:47:46.738+0900 [DEBUG] [org.gradle.launcher.daemon.server.DaemonStateCoordinator] Command execution: finished waiting for DaemonCommandExecution[command = Build{id=77cd576e-368b-4495-a6e5-b1a58b7667eb, currentDir=/Users/jeong-eunjin/Spring-STUDY/eunjin}, connection = DefaultDaemonConnection: socket connection from /127.0.0.1:62303 to /127.0.0.1:62304]. Result org.gradle.launcher.daemon.server.DaemonStateCoordinator@61641dc2 with state Canceled
2025-07-23T15:47:46.738+0900 [DEBUG] [org.gradle.launcher.daemon.server.DaemonStateCoordinator] Command execution: completed DaemonCommandExecution[command = Build{id=77cd576e-368b-4495-a6e5-b1a58b7667eb, currentDir=/Users/jeong-eunjin/Spring-STUDY/eunjin}, connection = DefaultDaemonConnection: socket connection from /127.0.0.1:62303 to /127.0.0.1:62304]
2025-07-23T15:47:46.738+0900 [DEBUG] [org.gradle.launcher.daemon.server.DaemonStateCoordinator] resetting idle timer
2025-07-23T15:47:46.738+0900 [INFO] [org.gradle.launcher.daemon.server.DaemonRegistryUpdater] Marking the daemon as idle, address: [ef6ac990-5c39-4dc4-ba5f-28ff0154bd79 port:62303, addresses:[localhost/127.0.0.1]]
2025-07-23T15:47:46.738+0900 [DEBUG] [org.gradle.launcher.daemon.registry.PersistentDaemonRegistry] Marking busy by address: [ef6ac990-5c39-4dc4-ba5f-28ff0154bd79 port:62303, addresses:[localhost/127.0.0.1]]
2025-07-23T15:47:46.738+0900 [DEBUG] [org.gradle.cache.internal.DefaultFileLockManager] Waiting to acquire exclusive lock on daemon addresses registry.
2025-07-23T15:47:46.739+0900 [DEBUG] [org.gradle.cache.internal.DefaultFileLockManager] Lock acquired on daemon addresses registry.
2025-07-23T15:47:46.739+0900 [DEBUG] [org.gradle.cache.internal.DefaultFileLockManager] Releasing lock on daemon addresses registry.
2025-07-23T15:47:46.739+0900 [DEBUG] [org.gradle.launcher.daemon.server.DaemonStateCoordinator] Cancel: daemon is idle now.
2025-07-23T15:47:46.739+0900 [DEBUG] [org.gradle.launcher.daemon.server.DaemonStateCoordinator] daemon is running. Sleeping until state changes.
2025-07-23T15:47:46.739+0900 [DEBUG] [org.gradle.launcher.daemon.server.exec.ReturnResult] Daemon is dispatching the build result: Success[value=org.gradle.launcher.exec.BuildActionResult@30534f3e]
2025-07-23T15:47:46.740+0900 [DEBUG] [org.gradle.launcher.daemon.server.SynchronizedDispatchConnection] thread 20: dispatching Success[value=org.gradle.launcher.exec.BuildActionResult@30534f3e]
2025-07-23T15:47:46.753+0900 [DEBUG] [org.gradle.launcher.daemon.server.exec.CleanUpVirtualFileSystemAfterBuild] Cleaning virtual file system after build finished
2025-07-23T15:47:46.755+0900 [DEBUG] [org.gradle.launcher.daemon.server.DefaultIncomingConnectionHandler] Finishing executing command: Build{id=77cd576e-368b-4495-a6e5-b1a58b7667eb, currentDir=/Users/jeong-eunjin/Spring-STUDY/eunjin}
2025-07-23T15:47:46.765+0900 [DEBUG] [org.gradle.launcher.daemon.server.SynchronizedDispatchConnection] thread 21: received class org.gradle.launcher.daemon.protocol.Finished
2025-07-23T15:47:46.765+0900 [DEBUG] [org.gradle.launcher.daemon.server.DefaultDaemonConnection] thread 21: Received non-IO message from client: org.gradle.launcher.daemon.protocol.Finished@4526a50b
2025-07-23T15:47:46.765+0900 [DEBUG] [org.gradle.launcher.daemon.server.DefaultIncomingConnectionHandler] Received finished message: org.gradle.launcher.daemon.protocol.Finished@4526a50b
2025-07-23T15:47:46.766+0900 [DEBUG] [org.gradle.internal.remote.internal.inet.SocketConnection] Discarding EOFException: java.io.EOFException
2025-07-23T15:47:46.766+0900 [DEBUG] [org.gradle.launcher.daemon.server.SynchronizedDispatchConnection] thread 20: stopping connection
2025-07-23T15:47:46.766+0900 [DEBUG] [org.gradle.launcher.daemon.server.SynchronizedDispatchConnection] thread 21: received null
2025-07-23T15:47:46.766+0900 [DEBUG] [org.gradle.launcher.daemon.server.DefaultDaemonConnection] thread 21: Received end-of-input from client.
2025-07-23T15:47:46.768+0900 [DEBUG] [org.gradle.launcher.daemon.server.SynchronizedDispatchConnection] thread 20: stopping connection
2025-07-23T15:47:46.848+0900 [DEBUG] [org.gradle.internal.remote.internal.inet.TcpIncomingConnector] Accepted connection from /127.0.0.1:62421 to /127.0.0.1:62303.
2025-07-23T15:47:46.849+0900 [DEBUG] [org.gradle.launcher.daemon.server.SynchronizedDispatchConnection] thread 156: received class org.gradle.launcher.daemon.protocol.Build
2025-07-23T15:47:46.849+0900 [DEBUG] [org.gradle.launcher.daemon.server.DefaultDaemonConnection] thread 156: Received non-IO message from client: Build{id=9fe23ace-ea3a-4097-ac5c-438f62c84656, currentDir=/Users/jeong-eunjin/Spring-STUDY/eunjin}
2025-07-23T15:47:46.850+0900 [INFO] [org.gradle.launcher.daemon.server.DefaultIncomingConnectionHandler] Received command: Build{id=9fe23ace-ea3a-4097-ac5c-438f62c84656, currentDir=/Users/jeong-eunjin/Spring-STUDY/eunjin}.
2025-07-23T15:47:46.850+0900 [DEBUG] [org.gradle.launcher.daemon.server.DefaultIncomingConnectionHandler] Starting executing command: Build{id=9fe23ace-ea3a-4097-ac5c-438f62c84656, currentDir=/Users/jeong-eunjin/Spring-STUDY/eunjin} with connection: socket connection from /127.0.0.1:62303 to /127.0.0.1:62421.
2025-07-23T15:47:46.850+0900 [DEBUG] [org.gradle.launcher.daemon.server.DaemonStateCoordinator] Command execution: started DaemonCommandExecution[command = Build{id=9fe23ace-ea3a-4097-ac5c-438f62c84656, currentDir=/Users/jeong-eunjin/Spring-STUDY/eunjin}, connection = DefaultDaemonConnection: socket connection from /127.0.0.1:62303 to /127.0.0.1:62421] after 0.0018666666666666666 minutes of idle
2025-07-23T15:47:46.850+0900 [INFO] [org.gradle.launcher.daemon.server.DaemonRegistryUpdater] Marking the daemon as busy, address: [ef6ac990-5c39-4dc4-ba5f-28ff0154bd79 port:62303, addresses:[localhost/127.0.0.1]]
2025-07-23T15:47:46.851+0900 [DEBUG] [org.gradle.launcher.daemon.registry.PersistentDaemonRegistry] Marking busy by address: [ef6ac990-5c39-4dc4-ba5f-28ff0154bd79 port:62303, addresses:[localhost/127.0.0.1]]
2025-07-23T15:47:46.851+0900 [DEBUG] [org.gradle.cache.internal.DefaultFileLockManager] Waiting to acquire exclusive lock on daemon addresses registry.
2025-07-23T15:47:46.851+0900 [DEBUG] [org.gradle.cache.internal.DefaultFileLockManager] Lock acquired on daemon addresses registry.
2025-07-23T15:47:46.852+0900 [DEBUG] [org.gradle.cache.internal.DefaultFileLockManager] Releasing lock on daemon addresses registry.
2025-07-23T15:47:46.852+0900 [DEBUG] [org.gradle.launcher.daemon.server.DaemonStateCoordinator] resetting idle timer
2025-07-23T15:47:46.852+0900 [DEBUG] [org.gradle.launcher.daemon.server.DaemonStateCoordinator] daemon is running. Sleeping until state changes.
2025-07-23T15:47:46.852+0900 [INFO] [org.gradle.launcher.daemon.server.exec.StartBuildOrRespondWithBusy] Daemon is about to start building Build{id=9fe23ace-ea3a-4097-ac5c-438f62c84656, currentDir=/Users/jeong-eunjin/Spring-STUDY/eunjin}. Dispatching build started information...
2025-07-23T15:47:46.853+0900 [DEBUG] [org.gradle.launcher.daemon.server.SynchronizedDispatchConnection] thread 23: dispatching org.gradle.launcher.daemon.protocol.BuildStarted@2a8ff5e2
2025-07-23T15:47:46.854+0900 [DEBUG] [org.gradle.launcher.daemon.server.exec.EstablishBuildEnvironment] Configuring env variables: [PATH, __CFBundleIdentifier, SHELL, CPPFLAGS, JAVA_HOME, OLDPWD, USER, COMMAND_MODE, TMPDIR, SSH_AUTH_SOCK, XPC_FLAGS, __CF_USER_TEXT_ENCODING, LOGNAME, LC_CTYPE, XPC_SERVICE_NAME, HOME]
2025-07-23T15:47:46.854+0900 [DEBUG] [org.gradle.launcher.daemon.server.exec.LogToClient] About to start relaying all logs to the client via the connection.
2025-07-23T15:47:46.854+0900 [INFO] [org.gradle.launcher.daemon.server.exec.LogToClient] The client will now receive all logging from the daemon (pid: 70539). The daemon log file: /Users/jeong-eunjin/Spring-STUDY/eunjin/gradle/wrapper/daemon/8.14.3/daemon-70539.out.log
2025-07-23T15:47:46.858+0900 [INFO] [org.gradle.launcher.daemon.server.exec.LogAndCheckHealth] Starting 2nd build in daemon [uptime: 28 mins 48.074 secs, performance: 100%, GC rate: 0.00/s, heap usage: 0% of 512 MiB, non-heap usage: 16% of 384 MiB]
2025-07-23T15:47:46.859+0900 [DEBUG] [org.gradle.launcher.daemon.server.exec.ExecuteBuild] The daemon has started executing the build.
2025-07-23T15:47:46.859+0900 [DEBUG] [org.gradle.launcher.daemon.server.exec.ExecuteBuild] Executing build with daemon context: DefaultDaemonContext[uid=713c6467-50f7-4cb2-b705-bc6eb84baf4e,javaHome=/opt/homebrew/Cellar/openjdk@17/17.0.15/libexec/openjdk.jdk/Contents/Home,javaVersion=17,javaVendor=Homebrew,daemonRegistryDir=/Users/jeong-eunjin/Spring-STUDY/eunjin/gradle/wrapper/daemon,pid=70539,idleTimeout=10800000,priority=NORMAL,applyInstrumentationAgent=true,nativeServicesMode=ENABLED,daemonOpts=-XX:MaxMetaspaceSize=384m,-XX:+HeapDumpOnOutOfMemoryError,-Xms256m,-Xmx512m,-Dfile.encoding=UTF-8,-Duser.country=KR,-Duser.language=ko,-Duser.variant]

  .   ____          _            __ _ _
 /\\ / ___'_ __ _ _(_)_ __  __ _ \ \ \ \
( ( )\___ | '_ | '_| | '_ \/ _` | \ \ \ \
 \\/  ___)| |_)| | | | | || (_| |  ) ) ) )
  '  |____| .__|_| |_|_| |_\__, | / / / /
 =========|_|==============|___/=/_/_/_/

 :: Spring Boot ::                (v3.5.3)

2025-07-23T15:47:48.602+09:00  INFO 70737 --- [eunjin] [           main] com.example.eunjin.EunjinApplication     : Starting EunjinApplication using Java 17.0.15 with PID 70737 (/Users/jeong-eunjin/Spring-STUDY/eunjin/build/classes/java/main started by jeong-eunjin in /Users/jeong-eunjin/Spring-STUDY/eunjin)
2025-07-23T15:47:48.603+09:00  INFO 70737 --- [eunjin] [           main] com.example.eunjin.EunjinApplication     : No active profile set, falling back to 1 default profile: "default"
2025-07-23T15:47:49.089+09:00  INFO 70737 --- [eunjin] [           main] .s.d.r.c.RepositoryConfigurationDelegate : Bootstrapping Spring Data JPA repositories in DEFAULT mode.
2025-07-23T15:47:49.124+09:00  INFO 70737 --- [eunjin] [           main] .s.d.r.c.RepositoryConfigurationDelegate : Finished Spring Data repository scanning in 28 ms. Found 1 JPA repository interface.
2025-07-23T15:47:49.431+09:00  INFO 70737 --- [eunjin] [           main] o.s.b.w.embedded.tomcat.TomcatWebServer  : Tomcat initialized with port 8080 (http)
2025-07-23T15:47:49.441+09:00  INFO 70737 --- [eunjin] [           main] o.apache.catalina.core.StandardService   : Starting service [Tomcat]
2025-07-23T15:47:49.442+09:00  INFO 70737 --- [eunjin] [           main] o.apache.catalina.core.StandardEngine    : Starting Servlet engine: [Apache Tomcat/10.1.42]
2025-07-23T15:47:49.477+09:00  INFO 70737 --- [eunjin] [           main] o.a.c.c.C.[Tomcat].[localhost].[/]       : Initializing Spring embedded WebApplicationContext
2025-07-23T15:47:49.478+09:00  INFO 70737 --- [eunjin] [           main] w.s.c.ServletWebServerApplicationContext : Root WebApplicationContext: initialization completed in 839 ms
2025-07-23T15:47:49.579+09:00  INFO 70737 --- [eunjin] [           main] com.zaxxer.hikari.HikariDataSource       : HikariPool-1 - Starting...
2025-07-23T15:47:49.686+09:00  INFO 70737 --- [eunjin] [           main] com.zaxxer.hikari.pool.HikariPool        : HikariPool-1 - Added connection conn0: url=jdbc:h2:mem:ee12f551-24ab-4f21-9c64-0f5b08afab35 user=SA
2025-07-23T15:47:49.687+09:00  INFO 70737 --- [eunjin] [           main] com.zaxxer.hikari.HikariDataSource       : HikariPool-1 - Start completed.
2025-07-23T15:47:49.723+09:00  INFO 70737 --- [eunjin] [           main] o.hibernate.jpa.internal.util.LogHelper  : HHH000204: Processing PersistenceUnitInfo [name: default]
2025-07-23T15:47:49.754+09:00  INFO 70737 --- [eunjin] [           main] org.hibernate.Version                    : HHH000412: Hibernate ORM core version 6.6.18.Final
2025-07-23T15:47:49.774+09:00  INFO 70737 --- [eunjin] [           main] o.h.c.internal.RegionFactoryInitiator    : HHH000026: Second-level cache disabled
2025-07-23T15:47:49.940+09:00  INFO 70737 --- [eunjin] [           main] o.s.o.j.p.SpringPersistenceUnitInfo      : No LoadTimeWeaver setup: ignoring JPA class transformer
2025-07-23T15:47:49.991+09:00  INFO 70737 --- [eunjin] [           main] org.hibernate.orm.connections.pooling    : HHH10001005: Database info:
	Database JDBC URL [Connecting through datasource 'HikariDataSource (HikariPool-1)']
	Database driver: undefined/unknown
	Database version: 2.3.232
	Autocommit mode: undefined/unknown
	Isolation level: undefined/unknown
	Minimum pool size: undefined/unknown
	Maximum pool size: undefined/unknown
2025-07-23T15:47:50.396+09:00  INFO 70737 --- [eunjin] [           main] o.h.m.i.EntityInstantiatorPojoStandard   : HHH000182: No default (no-argument) constructor for class: com.example.eunjin.entity.Article (class must be instantiated by Interceptor)
2025-07-23T15:47:50.507+09:00  INFO 70737 --- [eunjin] [           main] o.h.e.t.j.p.i.JtaPlatformInitiator       : HHH000489: No JTA platform available (set 'hibernate.transaction.jta.platform' to enable JTA platform integration)
2025-07-23T15:47:50.523+09:00  INFO 70737 --- [eunjin] [           main] j.LocalContainerEntityManagerFactoryBean : Initialized JPA EntityManagerFactory for persistence unit 'default'
2025-07-23T15:47:50.646+09:00  WARN 70737 --- [eunjin] [           main] JpaBaseConfiguration$JpaWebConfiguration : spring.jpa.open-in-view is enabled by default. Therefore, database queries may be performed during view rendering. Explicitly configure spring.jpa.open-in-view to disable this warning
2025-07-23T15:47:50.891+09:00  INFO 70737 --- [eunjin] [           main] o.s.b.w.embedded.tomcat.TomcatWebServer  : Tomcat started on port 8080 (http) with context path '/'
2025-07-23T15:47:50.899+09:00  INFO 70737 --- [eunjin] [           main] com.example.eunjin.EunjinApplication     : Started EunjinApplication in 2.605 seconds (process running for 2.929)
2025-07-23T15:48:05.642+09:00  INFO 70737 --- [eunjin] [nio-8080-exec-1] o.a.c.c.C.[Tomcat].[localhost].[/]       : Initializing Spring DispatcherServlet 'dispatcherServlet'
2025-07-23T15:48:05.643+09:00  INFO 70737 --- [eunjin] [nio-8080-exec-1] o.s.web.servlet.DispatcherServlet        : Initializing Servlet 'dispatcherServlet'
2025-07-23T15:48:05.644+09:00  INFO 70737 --- [eunjin] [nio-8080-exec-1] o.s.web.servlet.DispatcherServlet        : Completed initialization in 1 ms
ArticleForm{title='가가가가', content='1111'}
Article{id=null, title='가가가가', content='1111'}
Article{id=1, title='가가가가', content='1111'}

FAILURE: Build failed with an exception.

* What went wrong:
Execution failed for task ':com.example.eunjin.EunjinApplication.main()'.
> Build cancelled while executing task ':com.example.eunjin.EunjinApplication.main()'

* Try:
> Run with --stacktrace option to get the stack trace.
> Run with --info or --debug option to get more log output.
> Run with --scan to get full insights.
> Get more help at https://help.gradle.org.

BUILD FAILED in 29m 5s
3 actionable tasks: 1 executed, 2 up-to-date
2025-07-23T16:16:52.549+0900 [DEBUG] [org.gradle.launcher.daemon.server.exec.ExecuteBuild] The daemon has finished executing the build.
2025-07-23T16:16:52.582+0900 [DEBUG] [org.gradle.process.internal.DefaultExecHandle] Changing state to: ABORTED
2025-07-23T16:16:52.582+0900 [DEBUG] [org.gradle.launcher.daemon.server.DaemonStateCoordinator] Cancel: daemon is busy, sleeping until state changes.
2025-07-23T16:16:52.582+0900 [DEBUG] [org.gradle.process.internal.DefaultExecHandle] Process 'command '/opt/homebrew/Cellar/openjdk@17/17.0.15/libexec/openjdk.jdk/Contents/Home/bin/java'' finished with exit value 143 (state: ABORTED)
2025-07-23T16:16:52.582+0900 [DEBUG] [org.gradle.launcher.daemon.server.DaemonStateCoordinator] Cancel: daemon is busy, sleeping until state changes.
2025-07-23T16:16:52.582+0900 [DEBUG] [org.gradle.launcher.daemon.server.DaemonStateCoordinator] Command execution: finished waiting for DaemonCommandExecution[command = Build{id=9fe23ace-ea3a-4097-ac5c-438f62c84656, currentDir=/Users/jeong-eunjin/Spring-STUDY/eunjin}, connection = DefaultDaemonConnection: socket connection from /127.0.0.1:62303 to /127.0.0.1:62421]. Result org.gradle.launcher.daemon.server.DaemonStateCoordinator@61641dc2 with state Canceled
2025-07-23T16:16:52.583+0900 [DEBUG] [org.gradle.launcher.daemon.server.DaemonStateCoordinator] Command execution: completed DaemonCommandExecution[command = Build{id=9fe23ace-ea3a-4097-ac5c-438f62c84656, currentDir=/Users/jeong-eunjin/Spring-STUDY/eunjin}, connection = DefaultDaemonConnection: socket connection from /127.0.0.1:62303 to /127.0.0.1:62421]
2025-07-23T16:16:52.583+0900 [DEBUG] [org.gradle.launcher.daemon.server.DaemonStateCoordinator] resetting idle timer
2025-07-23T16:16:52.583+0900 [INFO] [org.gradle.launcher.daemon.server.DaemonRegistryUpdater] Marking the daemon as idle, address: [ef6ac990-5c39-4dc4-ba5f-28ff0154bd79 port:62303, addresses:[localhost/127.0.0.1]]
2025-07-23T16:16:52.583+0900 [DEBUG] [org.gradle.launcher.daemon.registry.PersistentDaemonRegistry] Marking busy by address: [ef6ac990-5c39-4dc4-ba5f-28ff0154bd79 port:62303, addresses:[localhost/127.0.0.1]]
2025-07-23T16:16:52.583+0900 [DEBUG] [org.gradle.cache.internal.DefaultFileLockManager] Waiting to acquire exclusive lock on daemon addresses registry.
2025-07-23T16:16:52.583+0900 [DEBUG] [org.gradle.cache.internal.DefaultFileLockManager] Lock acquired on daemon addresses registry.
2025-07-23T16:16:52.584+0900 [DEBUG] [org.gradle.cache.internal.DefaultFileLockManager] Releasing lock on daemon addresses registry.
2025-07-23T16:16:52.584+0900 [DEBUG] [org.gradle.launcher.daemon.server.exec.ReturnResult] Daemon is dispatching the build result: Success[value=org.gradle.launcher.exec.BuildActionResult@2a6749a4]
2025-07-23T16:16:52.584+0900 [DEBUG] [org.gradle.launcher.daemon.server.DaemonStateCoordinator] Cancel: daemon is idle now.
2025-07-23T16:16:52.584+0900 [DEBUG] [org.gradle.launcher.daemon.server.DaemonStateCoordinator] daemon is running. Sleeping until state changes.
2025-07-23T16:16:52.584+0900 [DEBUG] [org.gradle.launcher.daemon.server.SynchronizedDispatchConnection] thread 20: dispatching Success[value=org.gradle.launcher.exec.BuildActionResult@2a6749a4]
2025-07-23T16:16:52.585+0900 [DEBUG] [org.gradle.launcher.daemon.server.exec.CleanUpVirtualFileSystemAfterBuild] Cleaning virtual file system after build finished
2025-07-23T16:16:52.585+0900 [DEBUG] [org.gradle.launcher.daemon.server.DefaultIncomingConnectionHandler] Finishing executing command: Build{id=9fe23ace-ea3a-4097-ac5c-438f62c84656, currentDir=/Users/jeong-eunjin/Spring-STUDY/eunjin}
2025-07-23T16:16:52.592+0900 [DEBUG] [org.gradle.launcher.daemon.server.SynchronizedDispatchConnection] thread 156: received class org.gradle.launcher.daemon.protocol.Finished
2025-07-23T16:16:52.592+0900 [DEBUG] [org.gradle.launcher.daemon.server.DefaultDaemonConnection] thread 156: Received non-IO message from client: org.gradle.launcher.daemon.protocol.Finished@4918c1f7
2025-07-23T16:16:52.592+0900 [DEBUG] [org.gradle.launcher.daemon.server.DefaultIncomingConnectionHandler] Received finished message: org.gradle.launcher.daemon.protocol.Finished@4918c1f7
2025-07-23T16:16:52.593+0900 [DEBUG] [org.gradle.launcher.daemon.server.SynchronizedDispatchConnection] thread 20: stopping connection
2025-07-23T16:16:52.593+0900 [DEBUG] [org.gradle.internal.remote.internal.inet.SocketConnection] Discarding EOFException: java.io.EOFException
2025-07-23T16:16:52.593+0900 [DEBUG] [org.gradle.launcher.daemon.server.SynchronizedDispatchConnection] thread 156: received null
2025-07-23T16:16:52.594+0900 [DEBUG] [org.gradle.launcher.daemon.server.DefaultDaemonConnection] thread 156: Received end-of-input from client.
2025-07-23T16:16:52.594+0900 [DEBUG] [org.gradle.launcher.daemon.server.SynchronizedDispatchConnection] thread 20: stopping connection
2025-07-23T16:16:52.651+0900 [DEBUG] [org.gradle.internal.remote.internal.inet.TcpIncomingConnector] Accepted connection from /127.0.0.1:62990 to /127.0.0.1:62303.
2025-07-23T16:16:52.653+0900 [DEBUG] [org.gradle.launcher.daemon.server.SynchronizedDispatchConnection] thread 270: received class org.gradle.launcher.daemon.protocol.Build
2025-07-23T16:16:52.653+0900 [DEBUG] [org.gradle.launcher.daemon.server.DefaultDaemonConnection] thread 270: Received non-IO message from client: Build{id=66948740-ceca-42fb-b8b2-de14f72dd984, currentDir=/Users/jeong-eunjin/Spring-STUDY/eunjin}
2025-07-23T16:16:52.653+0900 [INFO] [org.gradle.launcher.daemon.server.DefaultIncomingConnectionHandler] Received command: Build{id=66948740-ceca-42fb-b8b2-de14f72dd984, currentDir=/Users/jeong-eunjin/Spring-STUDY/eunjin}.
2025-07-23T16:16:52.653+0900 [DEBUG] [org.gradle.launcher.daemon.server.DefaultIncomingConnectionHandler] Starting executing command: Build{id=66948740-ceca-42fb-b8b2-de14f72dd984, currentDir=/Users/jeong-eunjin/Spring-STUDY/eunjin} with connection: socket connection from /127.0.0.1:62303 to /127.0.0.1:62990.
2025-07-23T16:16:52.654+0900 [DEBUG] [org.gradle.launcher.daemon.server.DaemonStateCoordinator] Command execution: started DaemonCommandExecution[command = Build{id=66948740-ceca-42fb-b8b2-de14f72dd984, currentDir=/Users/jeong-eunjin/Spring-STUDY/eunjin}, connection = DefaultDaemonConnection: socket connection from /127.0.0.1:62303 to /127.0.0.1:62990] after 0.0011833333333333333 minutes of idle
2025-07-23T16:16:52.654+0900 [INFO] [org.gradle.launcher.daemon.server.DaemonRegistryUpdater] Marking the daemon as busy, address: [ef6ac990-5c39-4dc4-ba5f-28ff0154bd79 port:62303, addresses:[localhost/127.0.0.1]]
2025-07-23T16:16:52.654+0900 [DEBUG] [org.gradle.launcher.daemon.registry.PersistentDaemonRegistry] Marking busy by address: [ef6ac990-5c39-4dc4-ba5f-28ff0154bd79 port:62303, addresses:[localhost/127.0.0.1]]
2025-07-23T16:16:52.655+0900 [DEBUG] [org.gradle.cache.internal.DefaultFileLockManager] Waiting to acquire exclusive lock on daemon addresses registry.
2025-07-23T16:16:52.655+0900 [DEBUG] [org.gradle.cache.internal.DefaultFileLockManager] Lock acquired on daemon addresses registry.
2025-07-23T16:16:52.655+0900 [DEBUG] [org.gradle.cache.internal.DefaultFileLockManager] Releasing lock on daemon addresses registry.
2025-07-23T16:16:52.655+0900 [DEBUG] [org.gradle.launcher.daemon.server.DaemonStateCoordinator] resetting idle timer
2025-07-23T16:16:52.656+0900 [DEBUG] [org.gradle.launcher.daemon.server.DaemonStateCoordinator] daemon is running. Sleeping until state changes.
2025-07-23T16:16:52.656+0900 [INFO] [org.gradle.launcher.daemon.server.exec.StartBuildOrRespondWithBusy] Daemon is about to start building Build{id=66948740-ceca-42fb-b8b2-de14f72dd984, currentDir=/Users/jeong-eunjin/Spring-STUDY/eunjin}. Dispatching build started information...
2025-07-23T16:16:52.656+0900 [DEBUG] [org.gradle.launcher.daemon.server.SynchronizedDispatchConnection] thread 23: dispatching org.gradle.launcher.daemon.protocol.BuildStarted@55667e0b
2025-07-23T16:16:52.656+0900 [DEBUG] [org.gradle.launcher.daemon.server.exec.EstablishBuildEnvironment] Configuring env variables: [PATH, __CFBundleIdentifier, SHELL, CPPFLAGS, JAVA_HOME, OLDPWD, USER, COMMAND_MODE, TMPDIR, SSH_AUTH_SOCK, XPC_FLAGS, __CF_USER_TEXT_ENCODING, LOGNAME, LC_CTYPE, XPC_SERVICE_NAME, HOME]
2025-07-23T16:16:52.657+0900 [DEBUG] [org.gradle.launcher.daemon.server.exec.LogToClient] About to start relaying all logs to the client via the connection.
2025-07-23T16:16:52.657+0900 [INFO] [org.gradle.launcher.daemon.server.exec.LogToClient] The client will now receive all logging from the daemon (pid: 70539). The daemon log file: /Users/jeong-eunjin/Spring-STUDY/eunjin/gradle/wrapper/daemon/8.14.3/daemon-70539.out.log
2025-07-23T16:16:52.658+0900 [INFO] [org.gradle.launcher.daemon.server.exec.LogAndCheckHealth] Starting 3rd build in daemon [uptime: 57 mins 53.895 secs, performance: 100%, GC rate: 0.00/s, heap usage: 0% of 512 MiB, non-heap usage: 17% of 384 MiB]
2025-07-23T16:16:52.658+0900 [DEBUG] [org.gradle.launcher.daemon.server.exec.ExecuteBuild] The daemon has started executing the build.
2025-07-23T16:16:52.659+0900 [DEBUG] [org.gradle.launcher.daemon.server.exec.ExecuteBuild] Executing build with daemon context: DefaultDaemonContext[uid=713c6467-50f7-4cb2-b705-bc6eb84baf4e,javaHome=/opt/homebrew/Cellar/openjdk@17/17.0.15/libexec/openjdk.jdk/Contents/Home,javaVersion=17,javaVendor=Homebrew,daemonRegistryDir=/Users/jeong-eunjin/Spring-STUDY/eunjin/gradle/wrapper/daemon,pid=70539,idleTimeout=10800000,priority=NORMAL,applyInstrumentationAgent=true,nativeServicesMode=ENABLED,daemonOpts=-XX:MaxMetaspaceSize=384m,-XX:+HeapDumpOnOutOfMemoryError,-Xms256m,-Xmx512m,-Dfile.encoding=UTF-8,-Duser.country=KR,-Duser.language=ko,-Duser.variant]

  .   ____          _            __ _ _
 /\\ / ___'_ __ _ _(_)_ __  __ _ \ \ \ \
( ( )\___ | '_ | '_| | '_ \/ _` | \ \ \ \
 \\/  ___)| |_)| | | | | || (_| |  ) ) ) )
  '  |____| .__|_| |_|_| |_\__, | / / / /
 =========|_|==============|___/=/_/_/_/

 :: Spring Boot ::                (v3.5.3)

2025-07-23T16:16:54.313+09:00  INFO 78581 --- [           main] com.example.eunjin.EunjinApplication     : Starting EunjinApplication using Java 17.0.15 with PID 78581 (/Users/jeong-eunjin/Spring-STUDY/eunjin/build/classes/java/main started by jeong-eunjin in /Users/jeong-eunjin/Spring-STUDY/eunjin)
2025-07-23T16:16:54.319+09:00  INFO 78581 --- [           main] com.example.eunjin.EunjinApplication     : No active profile set, falling back to 1 default profile: "default"
2025-07-23T16:16:54.902+09:00  INFO 78581 --- [           main] .s.d.r.c.RepositoryConfigurationDelegate : Bootstrapping Spring Data JPA repositories in DEFAULT mode.
2025-07-23T16:16:54.947+09:00  INFO 78581 --- [           main] .s.d.r.c.RepositoryConfigurationDelegate : Finished Spring Data repository scanning in 36 ms. Found 1 JPA repository interface.
2025-07-23T16:16:55.337+09:00  INFO 78581 --- [           main] o.s.b.w.embedded.tomcat.TomcatWebServer  : Tomcat initialized with port 8080 (http)
2025-07-23T16:16:55.350+09:00  INFO 78581 --- [           main] o.apache.catalina.core.StandardService   : Starting service [Tomcat]
2025-07-23T16:16:55.350+09:00  INFO 78581 --- [           main] o.apache.catalina.core.StandardEngine    : Starting Servlet engine: [Apache Tomcat/10.1.42]
2025-07-23T16:16:55.395+09:00  INFO 78581 --- [           main] o.a.c.c.C.[Tomcat].[localhost].[/]       : Initializing Spring embedded WebApplicationContext
2025-07-23T16:16:55.396+09:00  INFO 78581 --- [           main] w.s.c.ServletWebServerApplicationContext : Root WebApplicationContext: initialization completed in 1036 ms
2025-07-23T16:16:55.523+09:00  INFO 78581 --- [           main] com.zaxxer.hikari.HikariDataSource       : HikariPool-1 - Starting...
2025-07-23T16:16:55.656+09:00  INFO 78581 --- [           main] com.zaxxer.hikari.pool.HikariPool        : HikariPool-1 - Added connection conn0: url=jdbc:h2:mem:3ea57ad0-10f1-4777-a0c9-902995682f1e user=SA
2025-07-23T16:16:55.657+09:00  INFO 78581 --- [           main] com.zaxxer.hikari.HikariDataSource       : HikariPool-1 - Start completed.
2025-07-23T16:16:55.696+09:00  INFO 78581 --- [           main] o.hibernate.jpa.internal.util.LogHelper  : HHH000204: Processing PersistenceUnitInfo [name: default]
2025-07-23T16:16:55.749+09:00  INFO 78581 --- [           main] org.hibernate.Version                    : HHH000412: Hibernate ORM core version 6.6.18.Final
2025-07-23T16:16:55.772+09:00  INFO 78581 --- [           main] o.h.c.internal.RegionFactoryInitiator    : HHH000026: Second-level cache disabled
2025-07-23T16:16:55.995+09:00  INFO 78581 --- [           main] o.s.o.j.p.SpringPersistenceUnitInfo      : No LoadTimeWeaver setup: ignoring JPA class transformer
2025-07-23T16:16:56.054+09:00  INFO 78581 --- [           main] org.hibernate.orm.connections.pooling    : HHH10001005: Database info:
	Database JDBC URL [Connecting through datasource 'HikariDataSource (HikariPool-1)']
	Database driver: undefined/unknown
	Database version: 2.3.232
	Autocommit mode: undefined/unknown
	Isolation level: undefined/unknown
	Minimum pool size: undefined/unknown
	Maximum pool size: undefined/unknown
2025-07-23T16:16:56.550+09:00  INFO 78581 --- [           main] o.h.m.i.EntityInstantiatorPojoStandard   : HHH000182: No default (no-argument) constructor for class: com.example.eunjin.entity.Article (class must be instantiated by Interceptor)
2025-07-23T16:16:56.668+09:00  INFO 78581 --- [           main] o.h.e.t.j.p.i.JtaPlatformInitiator       : HHH000489: No JTA platform available (set 'hibernate.transaction.jta.platform' to enable JTA platform integration)
2025-07-23T16:16:56.685+09:00  INFO 78581 --- [           main] j.LocalContainerEntityManagerFactoryBean : Initialized JPA EntityManagerFactory for persistence unit 'default'
2025-07-23T16:16:56.821+09:00  WARN 78581 --- [           main] JpaBaseConfiguration$JpaWebConfiguration : spring.jpa.open-in-view is enabled by default. Therefore, database queries may be performed during view rendering. Explicitly configure spring.jpa.open-in-view to disable this warning
2025-07-23T16:16:57.017+09:00  INFO 78581 --- [           main] o.s.b.a.h2.H2ConsoleAutoConfiguration    : H2 console available at '/h2-console'. Database available at 'jdbc:h2:mem:3ea57ad0-10f1-4777-a0c9-902995682f1e'
2025-07-23T16:16:57.079+09:00  INFO 78581 --- [           main] o.s.b.w.embedded.tomcat.TomcatWebServer  : Tomcat started on port 8080 (http) with context path '/'
2025-07-23T16:16:57.087+09:00  INFO 78581 --- [           main] com.example.eunjin.EunjinApplication     : Started EunjinApplication in 3.102 seconds (process running for 3.438)
2025-07-23T16:27:30.569+09:00  INFO 78581 --- [nio-8080-exec-5] o.a.c.c.C.[Tomcat].[localhost].[/]       : Initializing Spring DispatcherServlet 'dispatcherServlet'
2025-07-23T16:27:30.570+09:00  INFO 78581 --- [nio-8080-exec-5] o.s.web.servlet.DispatcherServlet        : Initializing Servlet 'dispatcherServlet'
2025-07-23T16:27:30.579+09:00  INFO 78581 --- [nio-8080-exec-5] o.s.web.servlet.DispatcherServlet        : Completed initialization in 7 ms
ArticleForm{title='aaaaa', content='11111'}
Article{id=null, title='aaaaa', content='11111'}
Article{id=1, title='aaaaa', content='11111'}
ArticleForm{title='bbbbb', content='22222'}
Article{id=null, title='bbbbb', content='22222'}
Article{id=2, title='bbbbb', content='22222'}

FAILURE: Build failed with an exception.

* What went wrong:
Execution failed for task ':com.example.eunjin.EunjinApplication.main()'.
> Build cancelled while executing task ':com.example.eunjin.EunjinApplication.main()'

* Try:
> Run with --stacktrace option to get the stack trace.
> Run with --info or --debug option to get more log output.
> Run with --scan to get full insights.
> Get more help at https://help.gradle.org.

BUILD FAILED in 13m 57s
3 actionable tasks: 2 executed, 1 up-to-date
2025-07-23T16:30:50.410+0900 [DEBUG] [org.gradle.launcher.daemon.server.exec.ExecuteBuild] The daemon has finished executing the build.
2025-07-23T16:30:50.422+0900 [DEBUG] [org.gradle.process.internal.DefaultExecHandle] Changing state to: ABORTED
2025-07-23T16:30:50.423+0900 [DEBUG] [org.gradle.process.internal.DefaultExecHandle] Process 'command '/opt/homebrew/Cellar/openjdk@17/17.0.15/libexec/openjdk.jdk/Contents/Home/bin/java'' finished with exit value 143 (state: ABORTED)
2025-07-23T16:30:50.423+0900 [DEBUG] [org.gradle.launcher.daemon.server.DaemonStateCoordinator] Cancel: daemon is busy, sleeping until state changes.
2025-07-23T16:30:50.423+0900 [DEBUG] [org.gradle.launcher.daemon.server.DaemonStateCoordinator] Cancel: daemon is busy, sleeping until state changes.
2025-07-23T16:30:50.423+0900 [DEBUG] [org.gradle.launcher.daemon.server.DaemonStateCoordinator] Command execution: finished waiting for DaemonCommandExecution[command = Build{id=66948740-ceca-42fb-b8b2-de14f72dd984, currentDir=/Users/jeong-eunjin/Spring-STUDY/eunjin}, connection = DefaultDaemonConnection: socket connection from /127.0.0.1:62303 to /127.0.0.1:62990]. Result org.gradle.launcher.daemon.server.DaemonStateCoordinator@61641dc2 with state Canceled
2025-07-23T16:30:50.424+0900 [DEBUG] [org.gradle.launcher.daemon.server.DaemonStateCoordinator] Command execution: completed DaemonCommandExecution[command = Build{id=66948740-ceca-42fb-b8b2-de14f72dd984, currentDir=/Users/jeong-eunjin/Spring-STUDY/eunjin}, connection = DefaultDaemonConnection: socket connection from /127.0.0.1:62303 to /127.0.0.1:62990]
2025-07-23T16:30:50.424+0900 [DEBUG] [org.gradle.launcher.daemon.server.DaemonStateCoordinator] resetting idle timer
2025-07-23T16:30:50.424+0900 [INFO] [org.gradle.launcher.daemon.server.DaemonRegistryUpdater] Marking the daemon as idle, address: [ef6ac990-5c39-4dc4-ba5f-28ff0154bd79 port:62303, addresses:[localhost/127.0.0.1]]
2025-07-23T16:30:50.424+0900 [DEBUG] [org.gradle.launcher.daemon.registry.PersistentDaemonRegistry] Marking busy by address: [ef6ac990-5c39-4dc4-ba5f-28ff0154bd79 port:62303, addresses:[localhost/127.0.0.1]]
2025-07-23T16:30:50.424+0900 [DEBUG] [org.gradle.cache.internal.DefaultFileLockManager] Waiting to acquire exclusive lock on daemon addresses registry.
2025-07-23T16:30:50.424+0900 [DEBUG] [org.gradle.cache.internal.DefaultFileLockManager] Lock acquired on daemon addresses registry.
2025-07-23T16:30:50.425+0900 [DEBUG] [org.gradle.cache.internal.DefaultFileLockManager] Releasing lock on daemon addresses registry.
2025-07-23T16:30:50.425+0900 [DEBUG] [org.gradle.launcher.daemon.server.exec.ReturnResult] Daemon is dispatching the build result: Success[value=org.gradle.launcher.exec.BuildActionResult@5887a8cc]
2025-07-23T16:30:50.425+0900 [DEBUG] [org.gradle.launcher.daemon.server.DaemonStateCoordinator] Cancel: daemon is idle now.
2025-07-23T16:30:50.425+0900 [DEBUG] [org.gradle.launcher.daemon.server.SynchronizedDispatchConnection] thread 20: dispatching Success[value=org.gradle.launcher.exec.BuildActionResult@5887a8cc]
2025-07-23T16:30:50.426+0900 [DEBUG] [org.gradle.launcher.daemon.server.DaemonStateCoordinator] daemon is running. Sleeping until state changes.
2025-07-23T16:30:50.427+0900 [DEBUG] [org.gradle.launcher.daemon.server.exec.CleanUpVirtualFileSystemAfterBuild] Cleaning virtual file system after build finished
2025-07-23T16:30:50.427+0900 [DEBUG] [org.gradle.launcher.daemon.server.DefaultIncomingConnectionHandler] Finishing executing command: Build{id=66948740-ceca-42fb-b8b2-de14f72dd984, currentDir=/Users/jeong-eunjin/Spring-STUDY/eunjin}
2025-07-23T16:30:50.429+0900 [DEBUG] [org.gradle.launcher.daemon.server.SynchronizedDispatchConnection] thread 270: received class org.gradle.launcher.daemon.protocol.Finished
2025-07-23T16:30:50.429+0900 [DEBUG] [org.gradle.launcher.daemon.server.DefaultDaemonConnection] thread 270: Received non-IO message from client: org.gradle.launcher.daemon.protocol.Finished@3dd78eea
2025-07-23T16:30:50.429+0900 [DEBUG] [org.gradle.internal.remote.internal.inet.SocketConnection] Discarding EOFException: java.io.EOFException
2025-07-23T16:30:50.430+0900 [DEBUG] [org.gradle.launcher.daemon.server.SynchronizedDispatchConnection] thread 270: received null
2025-07-23T16:30:50.430+0900 [DEBUG] [org.gradle.launcher.daemon.server.DefaultDaemonConnection] thread 270: Received end-of-input from client.
2025-07-23T16:30:50.430+0900 [WARN] [org.gradle.launcher.daemon.server.DefaultIncomingConnectionHandler] Timed out waiting for finished message from client socket connection from /127.0.0.1:62303 to /127.0.0.1:62990. Discarding connection.
2025-07-23T16:30:50.430+0900 [DEBUG] [org.gradle.launcher.daemon.server.SynchronizedDispatchConnection] thread 20: stopping connection
2025-07-23T16:30:50.432+0900 [DEBUG] [org.gradle.launcher.daemon.server.SynchronizedDispatchConnection] thread 20: stopping connection
2025-07-23T16:30:58.938+0900 [DEBUG] [org.gradle.cache.internal.DefaultFileLockManager] Waiting to acquire shared lock on daemon addresses registry.
2025-07-23T16:30:58.939+0900 [DEBUG] [org.gradle.cache.internal.DefaultFileLockManager] Lock acquired on daemon addresses registry.
2025-07-23T16:30:58.940+0900 [DEBUG] [org.gradle.cache.internal.DefaultFileLockManager] Releasing lock on daemon addresses registry.
2025-07-23T16:30:58.944+0900 [DEBUG] [org.gradle.cache.internal.DefaultFileLockManager] Waiting to acquire shared lock on daemon addresses registry.
2025-07-23T16:30:58.944+0900 [DEBUG] [org.gradle.cache.internal.DefaultFileLockManager] Lock acquired on daemon addresses registry.
2025-07-23T16:30:58.945+0900 [DEBUG] [org.gradle.cache.internal.DefaultFileLockManager] Releasing lock on daemon addresses registry.
2025-07-23T16:31:08.939+0900 [DEBUG] [org.gradle.cache.internal.DefaultFileLockManager] Waiting to acquire shared lock on daemon addresses registry.
2025-07-23T16:31:08.940+0900 [DEBUG] [org.gradle.cache.internal.DefaultFileLockManager] Lock acquired on daemon addresses registry.
2025-07-23T16:31:08.940+0900 [DEBUG] [org.gradle.cache.internal.DefaultFileLockManager] Releasing lock on daemon addresses registry.
2025-07-23T16:31:08.942+0900 [DEBUG] [org.gradle.cache.internal.DefaultFileLockManager] Waiting to acquire shared lock on daemon addresses registry.
2025-07-23T16:31:08.942+0900 [DEBUG] [org.gradle.cache.internal.DefaultFileLockManager] Lock acquired on daemon addresses registry.
2025-07-23T16:31:08.942+0900 [DEBUG] [org.gradle.cache.internal.DefaultFileLockManager] Releasing lock on daemon addresses registry.
2025-07-23T16:31:08.943+0900 [DEBUG] [org.gradle.cache.internal.DefaultFileLockManager] Waiting to acquire shared lock on daemon addresses registry.
2025-07-23T16:31:08.944+0900 [DEBUG] [org.gradle.cache.internal.DefaultFileLockManager] Lock acquired on daemon addresses registry.
2025-07-23T16:31:08.944+0900 [DEBUG] [org.gradle.cache.internal.DefaultFileLockManager] Releasing lock on daemon addresses registry.
2025-07-23T16:31:18.934+0900 [DEBUG] [org.gradle.cache.internal.DefaultFileLockManager] Waiting to acquire shared lock on daemon addresses registry.
2025-07-23T16:31:18.934+0900 [DEBUG] [org.gradle.cache.internal.DefaultFileLockManager] Lock acquired on daemon addresses registry.
2025-07-23T16:31:18.935+0900 [DEBUG] [org.gradle.cache.internal.DefaultFileLockManager] Releasing lock on daemon addresses registry.
2025-07-23T16:31:18.935+0900 [DEBUG] [org.gradle.cache.internal.DefaultFileLockManager] Waiting to acquire shared lock on daemon addresses registry.
2025-07-23T16:31:18.935+0900 [DEBUG] [org.gradle.cache.internal.DefaultFileLockManager] Lock acquired on daemon addresses registry.
2025-07-23T16:31:18.936+0900 [DEBUG] [org.gradle.cache.internal.DefaultFileLockManager] Releasing lock on daemon addresses registry.
2025-07-23T16:31:18.937+0900 [DEBUG] [org.gradle.cache.internal.DefaultFileLockManager] Waiting to acquire shared lock on daemon addresses registry.
2025-07-23T16:31:18.937+0900 [DEBUG] [org.gradle.cache.internal.DefaultFileLockManager] Lock acquired on daemon addresses registry.
2025-07-23T16:31:18.937+0900 [DEBUG] [org.gradle.cache.internal.DefaultFileLockManager] Releasing lock on daemon addresses registry.
2025-07-23T16:31:28.938+0900 [DEBUG] [org.gradle.cache.internal.DefaultFileLockManager] Waiting to acquire shared lock on daemon addresses registry.
2025-07-23T16:31:28.939+0900 [DEBUG] [org.gradle.cache.internal.DefaultFileLockManager] Lock acquired on daemon addresses registry.
2025-07-23T16:31:28.939+0900 [DEBUG] [org.gradle.cache.internal.DefaultFileLockManager] Releasing lock on daemon addresses registry.
2025-07-23T16:31:28.940+0900 [DEBUG] [org.gradle.cache.internal.DefaultFileLockManager] Waiting to acquire shared lock on daemon addresses registry.
2025-07-23T16:31:28.940+0900 [DEBUG] [org.gradle.cache.internal.DefaultFileLockManager] Lock acquired on daemon addresses registry.
2025-07-23T16:31:28.940+0900 [DEBUG] [org.gradle.cache.internal.DefaultFileLockManager] Releasing lock on daemon addresses registry.
2025-07-23T16:31:28.941+0900 [DEBUG] [org.gradle.cache.internal.DefaultFileLockManager] Waiting to acquire shared lock on daemon addresses registry.
2025-07-23T16:31:28.941+0900 [DEBUG] [org.gradle.cache.internal.DefaultFileLockManager] Lock acquired on daemon addresses registry.
2025-07-23T16:31:28.941+0900 [DEBUG] [org.gradle.cache.internal.DefaultFileLockManager] Releasing lock on daemon addresses registry.
2025-07-23T16:31:38.938+0900 [DEBUG] [org.gradle.cache.internal.DefaultFileLockManager] Waiting to acquire shared lock on daemon addresses registry.
2025-07-23T16:31:38.939+0900 [DEBUG] [org.gradle.cache.internal.DefaultFileLockManager] Lock acquired on daemon addresses registry.
2025-07-23T16:31:38.939+0900 [DEBUG] [org.gradle.cache.internal.DefaultFileLockManager] Releasing lock on daemon addresses registry.
2025-07-23T16:31:38.940+0900 [DEBUG] [org.gradle.cache.internal.DefaultFileLockManager] Waiting to acquire shared lock on daemon addresses registry.
2025-07-23T16:31:38.940+0900 [DEBUG] [org.gradle.cache.internal.DefaultFileLockManager] Lock acquired on daemon addresses registry.
2025-07-23T16:31:38.941+0900 [DEBUG] [org.gradle.cache.internal.DefaultFileLockManager] Releasing lock on daemon addresses registry.
2025-07-23T16:31:38.941+0900 [DEBUG] [org.gradle.cache.internal.DefaultFileLockManager] Waiting to acquire shared lock on daemon addresses registry.
2025-07-23T16:31:38.942+0900 [DEBUG] [org.gradle.cache.internal.DefaultFileLockManager] Lock acquired on daemon addresses registry.
2025-07-23T16:31:38.942+0900 [DEBUG] [org.gradle.cache.internal.DefaultFileLockManager] Releasing lock on daemon addresses registry.
2025-07-23T16:31:48.935+0900 [DEBUG] [org.gradle.cache.internal.DefaultFileLockManager] Waiting to acquire shared lock on daemon addresses registry.
2025-07-23T16:31:48.935+0900 [DEBUG] [org.gradle.cache.internal.DefaultFileLockManager] Lock acquired on daemon addresses registry.
2025-07-23T16:31:48.936+0900 [DEBUG] [org.gradle.cache.internal.DefaultFileLockManager] Releasing lock on daemon addresses registry.
2025-07-23T16:31:48.937+0900 [DEBUG] [org.gradle.cache.internal.DefaultFileLockManager] Waiting to acquire shared lock on daemon addresses registry.
2025-07-23T16:31:48.937+0900 [DEBUG] [org.gradle.cache.internal.DefaultFileLockManager] Lock acquired on daemon addresses registry.
2025-07-23T16:31:48.937+0900 [DEBUG] [org.gradle.cache.internal.DefaultFileLockManager] Releasing lock on daemon addresses registry.
2025-07-23T16:31:48.937+0900 [DEBUG] [org.gradle.cache.internal.DefaultFileLockManager] Waiting to acquire shared lock on daemon addresses registry.
2025-07-23T16:31:48.937+0900 [DEBUG] [org.gradle.cache.internal.DefaultFileLockManager] Lock acquired on daemon addresses registry.
2025-07-23T16:31:48.937+0900 [DEBUG] [org.gradle.cache.internal.DefaultFileLockManager] Releasing lock on daemon addresses registry.
2025-07-23T16:31:52.722+0900 [DEBUG] [org.gradle.internal.remote.internal.inet.TcpIncomingConnector] Accepted connection from /127.0.0.1:63101 to /127.0.0.1:62303.
2025-07-23T16:31:52.735+0900 [DEBUG] [org.gradle.launcher.daemon.server.SynchronizedDispatchConnection] thread 385: received class org.gradle.launcher.daemon.protocol.StopWhenIdle
2025-07-23T16:31:52.735+0900 [DEBUG] [org.gradle.launcher.daemon.server.DefaultDaemonConnection] thread 385: Received non-IO message from client: StopWhenIdle[id=38d32c9d-d868-4ac2-8521-57ee405d03ee]
2025-07-23T16:31:52.735+0900 [INFO] [org.gradle.launcher.daemon.server.DefaultIncomingConnectionHandler] Received command: StopWhenIdle[id=38d32c9d-d868-4ac2-8521-57ee405d03ee].
2025-07-23T16:31:52.735+0900 [DEBUG] [org.gradle.launcher.daemon.server.DefaultIncomingConnectionHandler] Starting executing command: StopWhenIdle[id=38d32c9d-d868-4ac2-8521-57ee405d03ee] with connection: socket connection from /127.0.0.1:62303 to /127.0.0.1:63101.
2025-07-23T16:31:52.735+0900 [DEBUG] [org.gradle.launcher.daemon.server.DaemonRegistryUpdater] Storing daemon stop event: stop command received
2025-07-23T16:31:52.737+0900 [DEBUG] [org.gradle.launcher.daemon.registry.PersistentDaemonRegistry] Storing daemon stop event with timestamp 1753255912736
2025-07-23T16:31:52.737+0900 [DEBUG] [org.gradle.cache.internal.DefaultFileLockManager] Waiting to acquire exclusive lock on daemon addresses registry.
2025-07-23T16:31:52.737+0900 [DEBUG] [org.gradle.cache.internal.DefaultFileLockManager] Lock acquired on daemon addresses registry.
2025-07-23T16:31:52.738+0900 [DEBUG] [org.gradle.cache.internal.DefaultFileLockManager] Releasing lock on daemon addresses registry.
2025-07-23T16:31:52.739+0900 [LIFECYCLE] [org.gradle.launcher.daemon.server.DaemonStateCoordinator] Daemon will be stopped at the end of the build stop command received
2025-07-23T16:31:52.739+0900 [DEBUG] [org.gradle.launcher.daemon.server.DaemonStateCoordinator] Marking daemon stopped due to stop command received. The daemon is not running a build
2025-07-23T16:31:52.739+0900 [DEBUG] [org.gradle.launcher.daemon.server.SynchronizedDispatchConnection] thread 384: dispatching Success[value=null]
2025-07-23T16:31:52.739+0900 [DEBUG] [org.gradle.launcher.daemon.server.DaemonStateCoordinator] daemon has stopped.
2025-07-23T16:31:52.739+0900 [DEBUG] [org.gradle.launcher.daemon.server.DefaultIncomingConnectionHandler] Finishing executing command: StopWhenIdle[id=38d32c9d-d868-4ac2-8521-57ee405d03ee]
2025-07-23T16:31:52.740+0900 [DEBUG] [org.gradle.launcher.daemon.server.SynchronizedDispatchConnection] thread 385: received class org.gradle.launcher.daemon.protocol.Finished
2025-07-23T16:31:52.740+0900 [DEBUG] [org.gradle.launcher.daemon.server.DefaultDaemonConnection] thread 385: Received non-IO message from client: org.gradle.launcher.daemon.protocol.Finished@620ed26a
2025-07-23T16:31:52.740+0900 [DEBUG] [org.gradle.internal.remote.internal.inet.SocketConnection] Discarding EOFException: java.io.EOFException
2025-07-23T16:31:52.740+0900 [DEBUG] [org.gradle.launcher.daemon.server.Daemon] stop() called on daemon
2025-07-23T16:31:52.740+0900 [DEBUG] [org.gradle.launcher.daemon.server.DefaultIncomingConnectionHandler] Received finished message: org.gradle.launcher.daemon.protocol.Finished@620ed26a
2025-07-23T16:31:52.740+0900 [DEBUG] [org.gradle.launcher.daemon.server.SynchronizedDispatchConnection] thread 384: stopping connection
2025-07-23T16:31:52.740+0900 [INFO] [org.gradle.launcher.daemon.server.Daemon] Stop requested. Daemon is removing its presence from the registry...
2025-07-23T16:31:52.741+0900 [DEBUG] [org.gradle.launcher.daemon.server.DaemonRegistryUpdater] Removing our presence to clients, eg. removing this address from the registry: [ef6ac990-5c39-4dc4-ba5f-28ff0154bd79 port:62303, addresses:[localhost/127.0.0.1]]
2025-07-23T16:31:52.741+0900 [DEBUG] [org.gradle.launcher.daemon.registry.PersistentDaemonRegistry] Removing daemon address: [ef6ac990-5c39-4dc4-ba5f-28ff0154bd79 port:62303, addresses:[localhost/127.0.0.1]]
2025-07-23T16:31:52.740+0900 [DEBUG] [org.gradle.launcher.daemon.server.SynchronizedDispatchConnection] thread 385: received null
2025-07-23T16:31:52.741+0900 [DEBUG] [org.gradle.launcher.daemon.server.DefaultDaemonConnection] thread 385: Received end-of-input from client.
2025-07-23T16:31:52.741+0900 [DEBUG] [org.gradle.cache.internal.DefaultFileLockManager] Waiting to acquire exclusive lock on daemon addresses registry.
2025-07-23T16:31:52.742+0900 [DEBUG] [org.gradle.launcher.daemon.server.SynchronizedDispatchConnection] thread 384: stopping connection
2025-07-23T16:31:52.742+0900 [DEBUG] [org.gradle.cache.internal.DefaultFileLockManager] The file lock for daemon addresses registry is held by a different Gradle process. I was unable to read on which port the owner listens for lock access requests.
2025-07-23T16:31:52.746+0900 [DEBUG] [org.gradle.cache.internal.DefaultFileLockManager] Lock acquired on daemon addresses registry.
2025-07-23T16:31:52.746+0900 [DEBUG] [org.gradle.cache.internal.DefaultFileLockManager] Releasing lock on daemon addresses registry.
2025-07-23T16:31:52.746+0900 [DEBUG] [org.gradle.launcher.daemon.server.DaemonRegistryUpdater] Address removed from registry.
2025-07-23T16:31:52.749+0900 [DEBUG] [org.gradle.cache.internal.LockOnDemandCrossProcessCacheAccess] Releasing file lock for jars (/Users/jeong-eunjin/Spring-STUDY/eunjin/gradle/wrapper/caches/jars-9)
2025-07-23T16:31:52.750+0900 [DEBUG] [org.gradle.cache.internal.DefaultFileLockManager] Releasing lock on jars (/Users/jeong-eunjin/Spring-STUDY/eunjin/gradle/wrapper/caches/jars-9).
2025-07-23T16:31:52.750+0900 [DEBUG] [org.gradle.cache.internal.DefaultCacheCleanupExecutor] jars (/Users/jeong-eunjin/Spring-STUDY/eunjin/gradle/wrapper/caches/jars-9) has last been fully cleaned up 121 hours ago
2025-07-23T16:31:52.750+0900 [DEBUG] [org.gradle.internal.operations.DefaultBuildOperationRunner] Build operation 'Clean up jars (/Users/jeong-eunjin/Spring-STUDY/eunjin/gradle/wrapper/caches/jars-9)' started
2025-07-23T16:31:52.753+0900 [INFO] [org.gradle.cache.internal.AbstractCacheCleanup] jars (/Users/jeong-eunjin/Spring-STUDY/eunjin/gradle/wrapper/caches/jars-9) cleanup deleted 0 files/directories.
2025-07-23T16:31:52.753+0900 [INFO] [org.gradle.cache.internal.LeastRecentlyUsedCacheCleanup] jars (/Users/jeong-eunjin/Spring-STUDY/eunjin/gradle/wrapper/caches/jars-9) removing files not accessed on or after Wed Jul 16 16:31:52 KST 2025.
2025-07-23T16:31:52.790+0900 [INFO] [org.gradle.cache.internal.AbstractCacheCleanup] jars (/Users/jeong-eunjin/Spring-STUDY/eunjin/gradle/wrapper/caches/jars-9) cleanup deleted 17 files/directories.
2025-07-23T16:31:52.790+0900 [DEBUG] [org.gradle.internal.operations.DefaultBuildOperationRunner] Completing Build operation 'Clean up jars (/Users/jeong-eunjin/Spring-STUDY/eunjin/gradle/wrapper/caches/jars-9)'
2025-07-23T16:31:52.790+0900 [DEBUG] [org.gradle.internal.operations.DefaultBuildOperationRunner] Build operation 'Clean up jars (/Users/jeong-eunjin/Spring-STUDY/eunjin/gradle/wrapper/caches/jars-9)' completed
2025-07-23T16:31:52.791+0900 [INFO] [org.gradle.cache.internal.DefaultCacheCleanupExecutor] jars (/Users/jeong-eunjin/Spring-STUDY/eunjin/gradle/wrapper/caches/jars-9) cleaned up in 0.04 secs.
2025-07-23T16:31:52.791+0900 [DEBUG] [org.gradle.cache.internal.LockOnDemandCrossProcessCacheAccess] Releasing file lock for file content cache (/Users/jeong-eunjin/Spring-STUDY/eunjin/gradle/wrapper/caches/8.14.3/fileContent)
2025-07-23T16:31:52.792+0900 [DEBUG] [org.gradle.cache.internal.DefaultFileLockManager] Releasing lock on file content cache (/Users/jeong-eunjin/Spring-STUDY/eunjin/gradle/wrapper/caches/8.14.3/fileContent).
2025-07-23T16:31:52.792+0900 [DEBUG] [org.gradle.internal.watch.vfs.impl.WatchingVirtualFileSystem] Closing VFS, dropping state
2025-07-23T16:31:52.794+0900 [DEBUG] [org.gradle.cache.internal.DefaultCacheCoordinator] Cache Generated Gradle JARs cache (/Users/jeong-eunjin/Spring-STUDY/eunjin/gradle/wrapper/caches/8.14.3/generated-gradle-jars) was closed 0 times.
2025-07-23T16:31:52.794+0900 [DEBUG] [org.gradle.internal.watch.registry.impl.DefaultFileWatcherRegistry] Finished listening to file system change events
2025-07-23T16:31:52.795+0900 [DEBUG] [org.gradle.cache.internal.LockOnDemandCrossProcessCacheAccess] Releasing file lock for artifact cache (/Users/jeong-eunjin/Spring-STUDY/eunjin/gradle/wrapper/caches/modules-2)
2025-07-23T16:31:52.795+0900 [DEBUG] [org.gradle.cache.internal.btree.BTreePersistentIndexedCache] Closing cache module-artifact.bin (/Users/jeong-eunjin/Spring-STUDY/eunjin/gradle/wrapper/caches/modules-2/metadata-2.107/module-artifact.bin)
2025-07-23T16:31:52.795+0900 [DEBUG] [org.gradle.cache.internal.btree.BTreePersistentIndexedCache] Closing cache module-metadata.bin (/Users/jeong-eunjin/Spring-STUDY/eunjin/gradle/wrapper/caches/modules-2/metadata-2.107/module-metadata.bin)
2025-07-23T16:31:52.796+0900 [DEBUG] [org.gradle.cache.internal.DefaultFileLockManager] Releasing lock on artifact cache (/Users/jeong-eunjin/Spring-STUDY/eunjin/gradle/wrapper/caches/modules-2).
2025-07-23T16:31:52.796+0900 [DEBUG] [org.gradle.cache.internal.DefaultCacheCleanupExecutor] artifact cache (/Users/jeong-eunjin/Spring-STUDY/eunjin/gradle/wrapper/caches/modules-2) has last been fully cleaned up 121 hours ago
2025-07-23T16:31:52.796+0900 [DEBUG] [org.gradle.internal.operations.DefaultBuildOperationRunner] Build operation 'Clean up artifact cache (/Users/jeong-eunjin/Spring-STUDY/eunjin/gradle/wrapper/caches/modules-2)' started
2025-07-23T16:31:52.796+0900 [INFO] [org.gradle.cache.internal.AbstractCacheCleanup] artifact cache (/Users/jeong-eunjin/Spring-STUDY/eunjin/gradle/wrapper/caches/modules-2) cleanup deleted 0 files/directories.
2025-07-23T16:31:52.798+0900 [INFO] [org.gradle.cache.internal.AbstractCacheCleanup] artifact cache (/Users/jeong-eunjin/Spring-STUDY/eunjin/gradle/wrapper/caches/modules-2) [subdir: /Users/jeong-eunjin/Spring-STUDY/eunjin/gradle/wrapper/caches/modules-2/resources-2.1] cleanup deleted 0 files/directories.
2025-07-23T16:31:52.798+0900 [INFO] [org.gradle.cache.internal.LeastRecentlyUsedCacheCleanup] artifact cache (/Users/jeong-eunjin/Spring-STUDY/eunjin/gradle/wrapper/caches/modules-2) [subdir: /Users/jeong-eunjin/Spring-STUDY/eunjin/gradle/wrapper/caches/modules-2/resources-2.1] removing files not accessed on or after Mon Jun 23 16:31:52 KST 2025.
2025-07-23T16:31:52.798+0900 [INFO] [org.gradle.cache.internal.AbstractCacheCleanup] artifact cache (/Users/jeong-eunjin/Spring-STUDY/eunjin/gradle/wrapper/caches/modules-2) [subdir: /Users/jeong-eunjin/Spring-STUDY/eunjin/gradle/wrapper/caches/modules-2/resources-2.1] cleanup deleted 0 files/directories.
2025-07-23T16:31:52.798+0900 [INFO] [org.gradle.cache.internal.AbstractCacheCleanup] artifact cache (/Users/jeong-eunjin/Spring-STUDY/eunjin/gradle/wrapper/caches/modules-2) [subdir: /Users/jeong-eunjin/Spring-STUDY/eunjin/gradle/wrapper/caches/modules-2/files-2.1] cleanup deleted 0 files/directories.
2025-07-23T16:31:52.798+0900 [INFO] [org.gradle.cache.internal.LeastRecentlyUsedCacheCleanup] artifact cache (/Users/jeong-eunjin/Spring-STUDY/eunjin/gradle/wrapper/caches/modules-2) [subdir: /Users/jeong-eunjin/Spring-STUDY/eunjin/gradle/wrapper/caches/modules-2/files-2.1] removing files not accessed on or after Mon Jun 23 16:31:52 KST 2025.
2025-07-23T16:31:52.862+0900 [INFO] [org.gradle.cache.internal.AbstractCacheCleanup] artifact cache (/Users/jeong-eunjin/Spring-STUDY/eunjin/gradle/wrapper/caches/modules-2) [subdir: /Users/jeong-eunjin/Spring-STUDY/eunjin/gradle/wrapper/caches/modules-2/files-2.1] cleanup deleted 0 files/directories.
2025-07-23T16:31:52.862+0900 [INFO] [org.gradle.cache.internal.AbstractCacheCleanup] artifact cache (/Users/jeong-eunjin/Spring-STUDY/eunjin/gradle/wrapper/caches/modules-2) [subdir: /Users/jeong-eunjin/Spring-STUDY/eunjin/gradle/wrapper/caches/modules-2/metadata-2.107] cleanup deleted 0 files/directories.
2025-07-23T16:31:52.863+0900 [INFO] [org.gradle.cache.internal.AbstractCacheCleanup] artifact cache (/Users/jeong-eunjin/Spring-STUDY/eunjin/gradle/wrapper/caches/modules-2) cleanup deleted 0 files/directories.
2025-07-23T16:31:52.863+0900 [DEBUG] [org.gradle.internal.operations.DefaultBuildOperationRunner] Completing Build operation 'Clean up artifact cache (/Users/jeong-eunjin/Spring-STUDY/eunjin/gradle/wrapper/caches/modules-2)'
2025-07-23T16:31:52.863+0900 [DEBUG] [org.gradle.internal.operations.DefaultBuildOperationRunner] Build operation 'Clean up artifact cache (/Users/jeong-eunjin/Spring-STUDY/eunjin/gradle/wrapper/caches/modules-2)' completed
2025-07-23T16:31:52.863+0900 [INFO] [org.gradle.cache.internal.DefaultCacheCleanupExecutor] artifact cache (/Users/jeong-eunjin/Spring-STUDY/eunjin/gradle/wrapper/caches/modules-2) cleaned up in 0.067 secs.
2025-07-23T16:31:52.863+0900 [DEBUG] [org.gradle.cache.internal.DefaultCacheCleanupExecutor] groovy-dsl (/Users/jeong-eunjin/Spring-STUDY/eunjin/gradle/wrapper/caches/8.14.3/groovy-dsl) has last been fully cleaned up 121 hours ago
2025-07-23T16:31:52.863+0900 [DEBUG] [org.gradle.internal.operations.DefaultBuildOperationRunner] Build operation 'Clean up groovy-dsl (/Users/jeong-eunjin/Spring-STUDY/eunjin/gradle/wrapper/caches/8.14.3/groovy-dsl)' started
2025-07-23T16:31:52.864+0900 [INFO] [org.gradle.cache.internal.LeastRecentlyUsedCacheCleanup] groovy-dsl (/Users/jeong-eunjin/Spring-STUDY/eunjin/gradle/wrapper/caches/8.14.3/groovy-dsl) removing files not accessed on or after Wed Jul 16 16:31:52 KST 2025.
2025-07-23T16:31:52.890+0900 [INFO] [org.gradle.cache.internal.AbstractCacheCleanup] groovy-dsl (/Users/jeong-eunjin/Spring-STUDY/eunjin/gradle/wrapper/caches/8.14.3/groovy-dsl) cleanup deleted 4 files/directories.
2025-07-23T16:31:52.890+0900 [DEBUG] [org.gradle.internal.operations.DefaultBuildOperationRunner] Completing Build operation 'Clean up groovy-dsl (/Users/jeong-eunjin/Spring-STUDY/eunjin/gradle/wrapper/caches/8.14.3/groovy-dsl)'
2025-07-23T16:31:52.890+0900 [DEBUG] [org.gradle.internal.operations.DefaultBuildOperationRunner] Build operation 'Clean up groovy-dsl (/Users/jeong-eunjin/Spring-STUDY/eunjin/gradle/wrapper/caches/8.14.3/groovy-dsl)' completed
2025-07-23T16:31:52.891+0900 [INFO] [org.gradle.cache.internal.DefaultCacheCleanupExecutor] groovy-dsl (/Users/jeong-eunjin/Spring-STUDY/eunjin/gradle/wrapper/caches/8.14.3/groovy-dsl) cleaned up in 0.027 secs.
2025-07-23T16:31:52.891+0900 [DEBUG] [org.gradle.cache.internal.DefaultCacheCoordinator] Cache groovy-dsl (/Users/jeong-eunjin/Spring-STUDY/eunjin/gradle/wrapper/caches/8.14.3/groovy-dsl) was closed 0 times.
2025-07-23T16:31:52.891+0900 [DEBUG] [org.gradle.cache.internal.DefaultCacheCleanupExecutor] Artifact transforms cache (/Users/jeong-eunjin/Spring-STUDY/eunjin/gradle/wrapper/caches/8.14.3/transforms) has last been fully cleaned up 121 hours ago
2025-07-23T16:31:52.891+0900 [DEBUG] [org.gradle.internal.operations.DefaultBuildOperationRunner] Build operation 'Clean up Artifact transforms cache (/Users/jeong-eunjin/Spring-STUDY/eunjin/gradle/wrapper/caches/8.14.3/transforms)' started
2025-07-23T16:31:52.891+0900 [INFO] [org.gradle.cache.internal.LeastRecentlyUsedCacheCleanup] Artifact transforms cache (/Users/jeong-eunjin/Spring-STUDY/eunjin/gradle/wrapper/caches/8.14.3/transforms) removing files not accessed on or after Wed Jul 16 16:31:52 KST 2025.
2025-07-23T16:31:52.996+0900 [INFO] [org.gradle.cache.internal.AbstractCacheCleanup] Artifact transforms cache (/Users/jeong-eunjin/Spring-STUDY/eunjin/gradle/wrapper/caches/8.14.3/transforms) cleanup deleted 45 files/directories.
2025-07-23T16:31:52.996+0900 [DEBUG] [org.gradle.internal.operations.DefaultBuildOperationRunner] Completing Build operation 'Clean up Artifact transforms cache (/Users/jeong-eunjin/Spring-STUDY/eunjin/gradle/wrapper/caches/8.14.3/transforms)'
2025-07-23T16:31:52.996+0900 [DEBUG] [org.gradle.internal.operations.DefaultBuildOperationRunner] Build operation 'Clean up Artifact transforms cache (/Users/jeong-eunjin/Spring-STUDY/eunjin/gradle/wrapper/caches/8.14.3/transforms)' completed
2025-07-23T16:31:52.997+0900 [INFO] [org.gradle.cache.internal.DefaultCacheCleanupExecutor] Artifact transforms cache (/Users/jeong-eunjin/Spring-STUDY/eunjin/gradle/wrapper/caches/8.14.3/transforms) cleaned up in 0.105 secs.
2025-07-23T16:31:52.997+0900 [DEBUG] [org.gradle.cache.internal.DefaultCacheCoordinator] Cache Artifact transforms cache (/Users/jeong-eunjin/Spring-STUDY/eunjin/gradle/wrapper/caches/8.14.3/transforms) was closed 0 times.
2025-07-23T16:31:52.997+0900 [DEBUG] [org.gradle.cache.internal.LockOnDemandCrossProcessCacheAccess] Releasing file lock for journal cache (/Users/jeong-eunjin/Spring-STUDY/eunjin/gradle/wrapper/caches/journal-1)
2025-07-23T16:31:52.997+0900 [DEBUG] [org.gradle.cache.internal.btree.BTreePersistentIndexedCache] Closing cache file-access.bin (/Users/jeong-eunjin/Spring-STUDY/eunjin/gradle/wrapper/caches/journal-1/file-access.bin)
2025-07-23T16:31:52.997+0900 [DEBUG] [org.gradle.cache.internal.DefaultFileLockManager] Releasing lock on journal cache (/Users/jeong-eunjin/Spring-STUDY/eunjin/gradle/wrapper/caches/journal-1).
2025-07-23T16:31:52.998+0900 [DEBUG] [org.gradle.cache.internal.LockOnDemandCrossProcessCacheAccess] Releasing file lock for file hash cache (/Users/jeong-eunjin/Spring-STUDY/eunjin/gradle/wrapper/caches/8.14.3/fileHashes)
2025-07-23T16:31:52.998+0900 [DEBUG] [org.gradle.cache.internal.btree.BTreePersistentIndexedCache] Closing cache fileHashes.bin (/Users/jeong-eunjin/Spring-STUDY/eunjin/gradle/wrapper/caches/8.14.3/fileHashes/fileHashes.bin)
2025-07-23T16:31:52.998+0900 [DEBUG] [org.gradle.cache.internal.btree.BTreePersistentIndexedCache] Closing cache resourceHashesCache.bin (/Users/jeong-eunjin/Spring-STUDY/eunjin/gradle/wrapper/caches/8.14.3/fileHashes/resourceHashesCache.bin)
2025-07-23T16:31:52.998+0900 [DEBUG] [org.gradle.cache.internal.DefaultFileLockManager] Releasing lock on file hash cache (/Users/jeong-eunjin/Spring-STUDY/eunjin/gradle/wrapper/caches/8.14.3/fileHashes).
2025-07-23T16:31:53.000+0900 [DEBUG] [org.gradle.internal.operations.DefaultBuildOperationRunner] Build operation 'Deleting unused version-specific caches in /Users/jeong-eunjin/Spring-STUDY/eunjin/gradle/wrapper/caches' started
2025-07-23T16:31:53.001+0900 [DEBUG] [org.gradle.cache.internal.VersionSpecificCacheCleanupAction] Processed version-specific caches at /Users/jeong-eunjin/Spring-STUDY/eunjin/gradle/wrapper/caches for cleanup in 0.0 secs
2025-07-23T16:31:53.001+0900 [DEBUG] [org.gradle.internal.operations.DefaultBuildOperationRunner] Completing Build operation 'Deleting unused version-specific caches in /Users/jeong-eunjin/Spring-STUDY/eunjin/gradle/wrapper/caches'
2025-07-23T16:31:53.001+0900 [DEBUG] [org.gradle.internal.operations.DefaultBuildOperationRunner] Build operation 'Deleting unused version-specific caches in /Users/jeong-eunjin/Spring-STUDY/eunjin/gradle/wrapper/caches' completed
2025-07-23T16:31:53.003+0900 [DEBUG] [org.gradle.internal.operations.DefaultBuildOperationRunner] Build operation 'Deleting unused Gradle distributions in /Users/jeong-eunjin/Spring-STUDY/eunjin/gradle/wrapper/wrapper/dists' started
2025-07-23T16:31:53.009+0900 [DEBUG] [org.gradle.internal.operations.DefaultBuildOperationRunner] Completing Build operation 'Deleting unused Gradle distributions in /Users/jeong-eunjin/Spring-STUDY/eunjin/gradle/wrapper/wrapper/dists'
2025-07-23T16:31:53.009+0900 [DEBUG] [org.gradle.internal.operations.DefaultBuildOperationRunner] Build operation 'Deleting unused Gradle distributions in /Users/jeong-eunjin/Spring-STUDY/eunjin/gradle/wrapper/wrapper/dists' completed
2025-07-23T16:31:53.010+0900 [DEBUG] [org.gradle.launcher.daemon.server.Daemon] stop() called on daemon
2025-07-23T16:31:53.010+0900 [INFO] [org.gradle.launcher.daemon.server.Daemon] Stop requested. Daemon is removing its presence from the registry...
2025-07-23T16:31:53.010+0900 [DEBUG] [org.gradle.launcher.daemon.server.DaemonRegistryUpdater] Removing our presence to clients, eg. removing this address from the registry: [ef6ac990-5c39-4dc4-ba5f-28ff0154bd79 port:62303, addresses:[localhost/127.0.0.1]]
2025-07-23T16:31:53.010+0900 [DEBUG] [org.gradle.launcher.daemon.registry.PersistentDaemonRegistry] Removing daemon address: [ef6ac990-5c39-4dc4-ba5f-28ff0154bd79 port:62303, addresses:[localhost/127.0.0.1]]
2025-07-23T16:31:53.011+0900 [DEBUG] [org.gradle.cache.internal.DefaultFileLockManager] Waiting to acquire exclusive lock on daemon addresses registry.
2025-07-23T16:31:53.011+0900 [DEBUG] [org.gradle.cache.internal.DefaultFileLockManager] Lock acquired on daemon addresses registry.
2025-07-23T16:31:53.012+0900 [DEBUG] [org.gradle.cache.internal.DefaultFileLockManager] Releasing lock on daemon addresses registry.
2025-07-23T16:31:53.012+0900 [DEBUG] [org.gradle.launcher.daemon.server.DaemonRegistryUpdater] Address removed from registry.
2025-07-23T16:31:53.013+0900 [DEBUG] [org.gradle.cache.internal.locklistener.DefaultFileLockContentionHandler] File lock listener thread completed.
Daemon vm is shutting down... The daemon has exited normally or was terminated in response to a user interrupt.
2025-07-23T16:31:53.015+0900 [DEBUG] [org.gradle.launcher.daemon.registry.PersistentDaemonRegistry] Removing daemon address: [ef6ac990-5c39-4dc4-ba5f-28ff0154bd79 port:62303, addresses:[localhost/127.0.0.1]]
2025-07-23T16:31:53.015+0900 [DEBUG] [org.gradle.launcher.daemon.server.Daemon] VM shutdown hook was unable to remove the daemon address from the registry. It will be cleaned up later.
java.lang.IllegalStateException: Cannot start managing file contention because this handler has been closed.
	at org.gradle.cache.internal.locklistener.DefaultFileLockContentionHandler.assertNotStopped(DefaultFileLockContentionHandler.java:248)
	at org.gradle.cache.internal.locklistener.DefaultFileLockContentionHandler.reservePort(DefaultFileLockContentionHandler.java:286)
	at org.gradle.cache.internal.DefaultFileLockManager.lock(DefaultFileLockManager.java:124)
	at org.gradle.cache.internal.DefaultFileLockManager.lock(DefaultFileLockManager.java:106)
	at org.gradle.cache.internal.DefaultFileLockManager.lock(DefaultFileLockManager.java:101)
	at org.gradle.cache.internal.OnDemandFileAccess.updateFile(OnDemandFileAccess.java:51)
	at org.gradle.cache.internal.FileBackedObjectHolder.update(FileBackedObjectHolder.java:77)
	at org.gradle.cache.internal.FileIntegrityViolationSuppressingObjectHolderDecorator.lambda$update$0(FileIntegrityViolationSuppressingObjectHolderDecorator.java:48)
	at org.gradle.cache.internal.FileIntegrityViolationSuppressingObjectHolderDecorator.doUpdate(FileIntegrityViolationSuppressingObjectHolderDecorator.java:58)
	at org.gradle.cache.internal.FileIntegrityViolationSuppressingObjectHolderDecorator.update(FileIntegrityViolationSuppressingObjectHolderDecorator.java:48)
	at org.gradle.launcher.daemon.registry.PersistentDaemonRegistry.remove(PersistentDaemonRegistry.java:133)
	at org.gradle.launcher.daemon.server.Daemon$1.run(Daemon.java:133)
	at java.base/java.lang.Thread.run(Thread.java:840)
