2025-07-15T20:49:16.151+0900 [DEBUG] [org.gradle.launcher.daemon.bootstrap.DaemonMain] Assuming the daemon was started with following jvm opts: [-XX:MaxMetaspaceSize=384m, -XX:+HeapDumpOnOutOfMemoryError, -Xms256m, -Xmx512m, -Dfile.encoding=UTF-8, -Duser.country=KR, -Duser.language=ko, -Duser.variant]
2025-07-15T20:49:16.214+0900 [DEBUG] [org.gradle.internal.remote.internal.inet.InetAddresses] Adding IP addresses for network interface utun7
2025-07-15T20:49:16.215+0900 [DEBUG] [org.gradle.internal.remote.internal.inet.InetAddresses] Is this a loopback interface? false
2025-07-15T20:49:16.215+0900 [DEBUG] [org.gradle.internal.remote.internal.inet.InetAddresses] Adding remote address /fe80:0:0:0:650e:1d39:da97:4330%utun7
2025-07-15T20:49:16.215+0900 [DEBUG] [org.gradle.internal.remote.internal.inet.InetAddresses] Adding IP addresses for network interface utun6
2025-07-15T20:49:16.215+0900 [DEBUG] [org.gradle.internal.remote.internal.inet.InetAddresses] Is this a loopback interface? false
2025-07-15T20:49:16.215+0900 [DEBUG] [org.gradle.internal.remote.internal.inet.InetAddresses] Adding remote address /fe80:0:0:0:604a:7d6:b960:4d6d%utun6
2025-07-15T20:49:16.216+0900 [DEBUG] [org.gradle.internal.remote.internal.inet.InetAddresses] Adding IP addresses for network interface utun5
2025-07-15T20:49:16.216+0900 [DEBUG] [org.gradle.internal.remote.internal.inet.InetAddresses] Is this a loopback interface? false
2025-07-15T20:49:16.216+0900 [DEBUG] [org.gradle.internal.remote.internal.inet.InetAddresses] Adding remote address /fe80:0:0:0:9bf9:8b1a:d3f1:9274%utun5
2025-07-15T20:49:16.216+0900 [DEBUG] [org.gradle.internal.remote.internal.inet.InetAddresses] Adding IP addresses for network interface utun4
2025-07-15T20:49:16.217+0900 [DEBUG] [org.gradle.internal.remote.internal.inet.InetAddresses] Is this a loopback interface? false
2025-07-15T20:49:16.217+0900 [DEBUG] [org.gradle.internal.remote.internal.inet.InetAddresses] Adding remote address /fe80:0:0:0:4cc3:ca16:677b:7d4c%utun4
2025-07-15T20:49:16.217+0900 [DEBUG] [org.gradle.internal.remote.internal.inet.InetAddresses] Adding IP addresses for network interface utun3
2025-07-15T20:49:16.217+0900 [DEBUG] [org.gradle.internal.remote.internal.inet.InetAddresses] Is this a loopback interface? false
2025-07-15T20:49:16.217+0900 [DEBUG] [org.gradle.internal.remote.internal.inet.InetAddresses] Adding remote address /fe80:0:0:0:ce81:b1c:bd2c:69e%utun3
2025-07-15T20:49:16.217+0900 [DEBUG] [org.gradle.internal.remote.internal.inet.InetAddresses] Adding IP addresses for network interface utun2
2025-07-15T20:49:16.217+0900 [DEBUG] [org.gradle.internal.remote.internal.inet.InetAddresses] Is this a loopback interface? false
2025-07-15T20:49:16.217+0900 [DEBUG] [org.gradle.internal.remote.internal.inet.InetAddresses] Adding remote address /fe80:0:0:0:84d0:ed04:9841:edfc%utun2
2025-07-15T20:49:16.217+0900 [DEBUG] [org.gradle.internal.remote.internal.inet.InetAddresses] Adding IP addresses for network interface utun1
2025-07-15T20:49:16.218+0900 [DEBUG] [org.gradle.internal.remote.internal.inet.InetAddresses] Is this a loopback interface? false
2025-07-15T20:49:16.218+0900 [DEBUG] [org.gradle.internal.remote.internal.inet.InetAddresses] Adding remote address /fe80:0:0:0:3ed5:7cd9:30e5:9664%utun1
2025-07-15T20:49:16.218+0900 [DEBUG] [org.gradle.internal.remote.internal.inet.InetAddresses] Adding IP addresses for network interface utun0
2025-07-15T20:49:16.218+0900 [DEBUG] [org.gradle.internal.remote.internal.inet.InetAddresses] Is this a loopback interface? false
2025-07-15T20:49:16.218+0900 [DEBUG] [org.gradle.internal.remote.internal.inet.InetAddresses] Adding remote address /fe80:0:0:0:b3b3:5ee7:aaa5:afb8%utun0
2025-07-15T20:49:16.218+0900 [DEBUG] [org.gradle.internal.remote.internal.inet.InetAddresses] Adding IP addresses for network interface llw0
2025-07-15T20:49:16.218+0900 [DEBUG] [org.gradle.internal.remote.internal.inet.InetAddresses] Is this a loopback interface? false
2025-07-15T20:49:16.218+0900 [DEBUG] [org.gradle.internal.remote.internal.inet.InetAddresses] Adding remote address /fe80:0:0:0:d4ec:aeff:fe1c:a8ef%llw0
2025-07-15T20:49:16.218+0900 [DEBUG] [org.gradle.internal.remote.internal.inet.InetAddresses] Adding IP addresses for network interface awdl0
2025-07-15T20:49:16.218+0900 [DEBUG] [org.gradle.internal.remote.internal.inet.InetAddresses] Is this a loopback interface? false
2025-07-15T20:49:16.219+0900 [DEBUG] [org.gradle.internal.remote.internal.inet.InetAddresses] Adding remote address /fe80:0:0:0:d4ec:aeff:fe1c:a8ef%awdl0
2025-07-15T20:49:16.219+0900 [DEBUG] [org.gradle.internal.remote.internal.inet.InetAddresses] Adding IP addresses for network interface en0
2025-07-15T20:49:16.219+0900 [DEBUG] [org.gradle.internal.remote.internal.inet.InetAddresses] Is this a loopback interface? false
2025-07-15T20:49:16.219+0900 [DEBUG] [org.gradle.internal.remote.internal.inet.InetAddresses] Adding remote address /fe80:0:0:0:4af:1a44:db83:acd4%en0
2025-07-15T20:49:16.219+0900 [DEBUG] [org.gradle.internal.remote.internal.inet.InetAddresses] Adding remote address /172.100.0.136
2025-07-15T20:49:16.219+0900 [DEBUG] [org.gradle.internal.remote.internal.inet.InetAddresses] Adding IP addresses for network interface lo0
2025-07-15T20:49:16.219+0900 [DEBUG] [org.gradle.internal.remote.internal.inet.InetAddresses] Is this a loopback interface? true
2025-07-15T20:49:16.219+0900 [DEBUG] [org.gradle.internal.remote.internal.inet.InetAddresses] Ignoring remote address on loopback interface /fe80:0:0:0:0:0:0:1%lo0
2025-07-15T20:49:16.219+0900 [DEBUG] [org.gradle.internal.remote.internal.inet.InetAddresses] Adding loopback address /0:0:0:0:0:0:0:1%lo0
2025-07-15T20:49:16.219+0900 [DEBUG] [org.gradle.internal.remote.internal.inet.InetAddresses] Adding loopback address /127.0.0.1
2025-07-15T20:49:16.241+0900 [INFO] [org.gradle.launcher.daemon.server.Daemon] start() called on daemon - DefaultDaemonContext[uid=161d96d0-9814-4d8a-9450-98dc6913aa22,javaHome=/opt/homebrew/Cellar/openjdk@17/17.0.15/libexec/openjdk.jdk/Contents/Home,javaVersion=17,javaVendor=Homebrew,daemonRegistryDir=/Users/jeong-eunjin/Spring-STUDY/eunjin/gradle/wrapper/daemon,pid=55459,idleTimeout=10800000,priority=NORMAL,applyInstrumentationAgent=true,nativeServicesMode=ENABLED,daemonOpts=-XX:MaxMetaspaceSize=384m,-XX:+HeapDumpOnOutOfMemoryError,-Xms256m,-Xmx512m,-Dfile.encoding=UTF-8,-Duser.country=KR,-Duser.language=ko,-Duser.variant]
2025-07-15T20:49:16.254+0900 [DEBUG] [org.gradle.internal.remote.internal.inet.TcpIncomingConnector] Listening on [d7175e5a-6408-4856-8264-12aade09c4db port:56182, addresses:[localhost/127.0.0.1]].
2025-07-15T20:49:16.261+0900 [DEBUG] [org.gradle.launcher.daemon.server.Daemon] Daemon starting at: Tue Jul 15 20:49:16 KST 2025, with address: [d7175e5a-6408-4856-8264-12aade09c4db port:56182, addresses:[localhost/127.0.0.1]]
2025-07-15T20:49:16.261+0900 [INFO] [org.gradle.launcher.daemon.server.DaemonRegistryUpdater] Advertising the daemon address to the clients: [d7175e5a-6408-4856-8264-12aade09c4db port:56182, addresses:[localhost/127.0.0.1]]
2025-07-15T20:49:16.261+0900 [DEBUG] [org.gradle.launcher.daemon.server.DaemonRegistryUpdater] Advertised daemon context: DefaultDaemonContext[uid=161d96d0-9814-4d8a-9450-98dc6913aa22,javaHome=/opt/homebrew/Cellar/openjdk@17/17.0.15/libexec/openjdk.jdk/Contents/Home,javaVersion=17,javaVendor=Homebrew,daemonRegistryDir=/Users/jeong-eunjin/Spring-STUDY/eunjin/gradle/wrapper/daemon,pid=55459,idleTimeout=10800000,priority=NORMAL,applyInstrumentationAgent=true,nativeServicesMode=ENABLED,daemonOpts=-XX:MaxMetaspaceSize=384m,-XX:+HeapDumpOnOutOfMemoryError,-Xms256m,-Xmx512m,-Dfile.encoding=UTF-8,-Duser.country=KR,-Duser.language=ko,-Duser.variant]
2025-07-15T20:49:16.262+0900 [DEBUG] [org.gradle.launcher.daemon.registry.PersistentDaemonRegistry] Storing daemon address: [d7175e5a-6408-4856-8264-12aade09c4db port:56182, addresses:[localhost/127.0.0.1]], context: DefaultDaemonContext[uid=161d96d0-9814-4d8a-9450-98dc6913aa22,javaHome=/opt/homebrew/Cellar/openjdk@17/17.0.15/libexec/openjdk.jdk/Contents/Home,javaVersion=17,javaVendor=Homebrew,daemonRegistryDir=/Users/jeong-eunjin/Spring-STUDY/eunjin/gradle/wrapper/daemon,pid=55459,idleTimeout=10800000,priority=NORMAL,applyInstrumentationAgent=true,nativeServicesMode=ENABLED,daemonOpts=-XX:MaxMetaspaceSize=384m,-XX:+HeapDumpOnOutOfMemoryError,-Xms256m,-Xmx512m,-Dfile.encoding=UTF-8,-Duser.country=KR,-Duser.language=ko,-Duser.variant]
2025-07-15T20:49:16.265+0900 [DEBUG] [org.gradle.cache.internal.DefaultFileLockManager] Waiting to acquire exclusive lock on daemon addresses registry.
2025-07-15T20:49:16.267+0900 [DEBUG] [org.gradle.cache.internal.DefaultFileLockManager] Lock acquired on daemon addresses registry.
2025-07-15T20:49:16.269+0900 [DEBUG] [org.gradle.cache.internal.DefaultFileLockManager] Releasing lock on daemon addresses registry.
2025-07-15T20:49:16.269+0900 [LIFECYCLE] [org.gradle.launcher.daemon.server.Daemon] Daemon server started.
2025-07-15T20:49:16.270+0900 [DEBUG] [org.gradle.launcher.daemon.bootstrap.DaemonStartupCommunication] Completed writing the daemon greeting. Closing streams...
2025-07-15T20:49:16.273+0900 [DEBUG] [org.gradle.launcher.daemon.server.Daemon] stopOnExpiration() called on daemon
2025-07-15T20:49:16.275+0900 [DEBUG] [org.gradle.launcher.daemon.server.Daemon] awaitExpiration() called on daemon
2025-07-15T20:49:16.275+0900 [DEBUG] [org.gradle.internal.remote.internal.inet.TcpIncomingConnector] Accepted connection from /127.0.0.1:56183 to /127.0.0.1:56182.
2025-07-15T20:49:16.275+0900 [DEBUG] [org.gradle.launcher.daemon.server.DaemonStateCoordinator] daemon is running. Sleeping until state changes.
2025-07-15T20:49:16.305+0900 [DEBUG] [org.gradle.launcher.daemon.server.SynchronizedDispatchConnection] thread 21: received class org.gradle.launcher.daemon.protocol.Build
2025-07-15T20:49:16.305+0900 [DEBUG] [org.gradle.launcher.daemon.server.DefaultDaemonConnection] thread 21: Received non-IO message from client: Build{id=c5f6c8a6-bd26-4d32-b39a-e4ab9e5a0ab4, currentDir=/Users/jeong-eunjin/Spring-STUDY/eunjin}
2025-07-15T20:49:16.305+0900 [INFO] [org.gradle.launcher.daemon.server.DefaultIncomingConnectionHandler] Received command: Build{id=c5f6c8a6-bd26-4d32-b39a-e4ab9e5a0ab4, currentDir=/Users/jeong-eunjin/Spring-STUDY/eunjin}.
2025-07-15T20:49:16.305+0900 [DEBUG] [org.gradle.launcher.daemon.server.DefaultIncomingConnectionHandler] Starting executing command: Build{id=c5f6c8a6-bd26-4d32-b39a-e4ab9e5a0ab4, currentDir=/Users/jeong-eunjin/Spring-STUDY/eunjin} with connection: socket connection from /127.0.0.1:56182 to /127.0.0.1:56183.
2025-07-15T20:49:16.306+0900 [DEBUG] [org.gradle.launcher.daemon.server.DaemonStateCoordinator] Command execution: started DaemonCommandExecution[command = Build{id=c5f6c8a6-bd26-4d32-b39a-e4ab9e5a0ab4, currentDir=/Users/jeong-eunjin/Spring-STUDY/eunjin}, connection = DefaultDaemonConnection: socket connection from /127.0.0.1:56182 to /127.0.0.1:56183] after 9.0E-4 minutes of idle
2025-07-15T20:49:16.307+0900 [INFO] [org.gradle.launcher.daemon.server.DaemonRegistryUpdater] Marking the daemon as busy, address: [d7175e5a-6408-4856-8264-12aade09c4db port:56182, addresses:[localhost/127.0.0.1]]
2025-07-15T20:49:16.307+0900 [DEBUG] [org.gradle.launcher.daemon.registry.PersistentDaemonRegistry] Marking busy by address: [d7175e5a-6408-4856-8264-12aade09c4db port:56182, addresses:[localhost/127.0.0.1]]
2025-07-15T20:49:16.307+0900 [DEBUG] [org.gradle.cache.internal.DefaultFileLockManager] Waiting to acquire exclusive lock on daemon addresses registry.
2025-07-15T20:49:16.307+0900 [DEBUG] [org.gradle.cache.internal.DefaultFileLockManager] Lock acquired on daemon addresses registry.
2025-07-15T20:49:16.308+0900 [DEBUG] [org.gradle.cache.internal.DefaultFileLockManager] Releasing lock on daemon addresses registry.
2025-07-15T20:49:16.308+0900 [DEBUG] [org.gradle.launcher.daemon.server.DaemonStateCoordinator] resetting idle timer
2025-07-15T20:49:16.308+0900 [DEBUG] [org.gradle.launcher.daemon.server.DaemonStateCoordinator] daemon is running. Sleeping until state changes.
2025-07-15T20:49:16.308+0900 [INFO] [org.gradle.launcher.daemon.server.exec.StartBuildOrRespondWithBusy] Daemon is about to start building Build{id=c5f6c8a6-bd26-4d32-b39a-e4ab9e5a0ab4, currentDir=/Users/jeong-eunjin/Spring-STUDY/eunjin}. Dispatching build started information...
2025-07-15T20:49:16.308+0900 [DEBUG] [org.gradle.launcher.daemon.server.SynchronizedDispatchConnection] thread 23: dispatching org.gradle.launcher.daemon.protocol.BuildStarted@72f4d7bc
2025-07-15T20:49:16.309+0900 [DEBUG] [org.gradle.launcher.daemon.server.exec.EstablishBuildEnvironment] Configuring env variables: [PATH, __CFBundleIdentifier, SHELL, CPPFLAGS, JAVA_HOME, OLDPWD, USER, COMMAND_MODE, TMPDIR, SSH_AUTH_SOCK, XPC_FLAGS, __CF_USER_TEXT_ENCODING, LOGNAME, LC_CTYPE, XPC_SERVICE_NAME, HOME]
2025-07-15T20:49:16.311+0900 [DEBUG] [org.gradle.launcher.daemon.server.exec.LogToClient] About to start relaying all logs to the client via the connection.
2025-07-15T20:49:16.311+0900 [INFO] [org.gradle.launcher.daemon.server.exec.LogToClient] The client will now receive all logging from the daemon (pid: 55459). The daemon log file: /Users/jeong-eunjin/Spring-STUDY/eunjin/gradle/wrapper/daemon/8.14.3/daemon-55459.out.log
2025-07-15T20:49:16.312+0900 [INFO] [org.gradle.launcher.daemon.server.exec.LogAndCheckHealth] Starting build in new daemon [memory: 512 MiB]
2025-07-15T20:49:16.313+0900 [DEBUG] [org.gradle.launcher.daemon.server.exec.ExecuteBuild] The daemon has started executing the build.
2025-07-15T20:49:16.313+0900 [DEBUG] [org.gradle.launcher.daemon.server.exec.ExecuteBuild] Executing build with daemon context: DefaultDaemonContext[uid=161d96d0-9814-4d8a-9450-98dc6913aa22,javaHome=/opt/homebrew/Cellar/openjdk@17/17.0.15/libexec/openjdk.jdk/Contents/Home,javaVersion=17,javaVendor=Homebrew,daemonRegistryDir=/Users/jeong-eunjin/Spring-STUDY/eunjin/gradle/wrapper/daemon,pid=55459,idleTimeout=10800000,priority=NORMAL,applyInstrumentationAgent=true,nativeServicesMode=ENABLED,daemonOpts=-XX:MaxMetaspaceSize=384m,-XX:+HeapDumpOnOutOfMemoryError,-Xms256m,-Xmx512m,-Dfile.encoding=UTF-8,-Duser.country=KR,-Duser.language=ko,-Duser.variant]

BUILD SUCCESSFUL in 24s
2025-07-15T20:49:39.547+0900 [DEBUG] [org.gradle.launcher.daemon.server.exec.ExecuteBuild] The daemon has finished executing the build.
2025-07-15T20:49:39.554+0900 [DEBUG] [org.gradle.launcher.daemon.server.DaemonStateCoordinator] daemon is running. Sleeping until state changes.
2025-07-15T20:49:39.554+0900 [DEBUG] [org.gradle.launcher.daemon.server.DaemonStateCoordinator] Command execution: finished waiting for DaemonCommandExecution[command = Build{id=c5f6c8a6-bd26-4d32-b39a-e4ab9e5a0ab4, currentDir=/Users/jeong-eunjin/Spring-STUDY/eunjin}, connection = DefaultDaemonConnection: socket connection from /127.0.0.1:56182 to /127.0.0.1:56183]. Result org.gradle.launcher.daemon.server.DaemonStateCoordinator@1894c83d with state Busy
2025-07-15T20:49:39.554+0900 [DEBUG] [org.gradle.launcher.daemon.server.DaemonStateCoordinator] Command execution: completed DaemonCommandExecution[command = Build{id=c5f6c8a6-bd26-4d32-b39a-e4ab9e5a0ab4, currentDir=/Users/jeong-eunjin/Spring-STUDY/eunjin}, connection = DefaultDaemonConnection: socket connection from /127.0.0.1:56182 to /127.0.0.1:56183]
2025-07-15T20:49:39.554+0900 [DEBUG] [org.gradle.launcher.daemon.server.DaemonStateCoordinator] resetting idle timer
2025-07-15T20:49:39.554+0900 [INFO] [org.gradle.launcher.daemon.server.DaemonRegistryUpdater] Marking the daemon as idle, address: [d7175e5a-6408-4856-8264-12aade09c4db port:56182, addresses:[localhost/127.0.0.1]]
2025-07-15T20:49:39.554+0900 [DEBUG] [org.gradle.launcher.daemon.registry.PersistentDaemonRegistry] Marking busy by address: [d7175e5a-6408-4856-8264-12aade09c4db port:56182, addresses:[localhost/127.0.0.1]]
2025-07-15T20:49:39.554+0900 [DEBUG] [org.gradle.cache.internal.DefaultFileLockManager] Waiting to acquire exclusive lock on daemon addresses registry.
2025-07-15T20:49:39.555+0900 [DEBUG] [org.gradle.cache.internal.DefaultFileLockManager] Lock acquired on daemon addresses registry.
2025-07-15T20:49:39.555+0900 [DEBUG] [org.gradle.cache.internal.DefaultFileLockManager] Releasing lock on daemon addresses registry.
2025-07-15T20:49:39.555+0900 [DEBUG] [org.gradle.launcher.daemon.server.DaemonStateCoordinator] daemon is running. Sleeping until state changes.
2025-07-15T20:49:39.555+0900 [DEBUG] [org.gradle.launcher.daemon.server.exec.ReturnResult] Daemon is dispatching the build result: Success[value=org.gradle.launcher.exec.BuildActionResult@57136d7e]
2025-07-15T20:49:39.555+0900 [DEBUG] [org.gradle.launcher.daemon.server.SynchronizedDispatchConnection] thread 20: dispatching Success[value=org.gradle.launcher.exec.BuildActionResult@57136d7e]
2025-07-15T20:49:39.556+0900 [DEBUG] [org.gradle.launcher.daemon.server.exec.CleanUpVirtualFileSystemAfterBuild] Cleaning virtual file system after build finished
2025-07-15T20:49:39.556+0900 [DEBUG] [org.gradle.launcher.daemon.server.DefaultIncomingConnectionHandler] Finishing executing command: Build{id=c5f6c8a6-bd26-4d32-b39a-e4ab9e5a0ab4, currentDir=/Users/jeong-eunjin/Spring-STUDY/eunjin}
2025-07-15T20:49:39.556+0900 [DEBUG] [org.gradle.launcher.daemon.server.SynchronizedDispatchConnection] thread 21: received class org.gradle.launcher.daemon.protocol.CloseInput
2025-07-15T20:49:39.556+0900 [DEBUG] [org.gradle.launcher.daemon.server.DefaultDaemonConnection] thread 21: Received IO message from client: org.gradle.launcher.daemon.protocol.CloseInput@556d0514
2025-07-15T20:49:39.556+0900 [DEBUG] [org.gradle.launcher.daemon.server.SynchronizedDispatchConnection] thread 21: received class org.gradle.launcher.daemon.protocol.Finished
2025-07-15T20:49:39.556+0900 [DEBUG] [org.gradle.launcher.daemon.server.DefaultDaemonConnection] thread 21: Received non-IO message from client: org.gradle.launcher.daemon.protocol.Finished@230358e2
2025-07-15T20:49:39.557+0900 [DEBUG] [org.gradle.launcher.daemon.server.DefaultIncomingConnectionHandler] Received finished message: org.gradle.launcher.daemon.protocol.Finished@230358e2
2025-07-15T20:49:39.557+0900 [DEBUG] [org.gradle.launcher.daemon.server.SynchronizedDispatchConnection] thread 20: stopping connection
2025-07-15T20:49:39.557+0900 [DEBUG] [org.gradle.internal.remote.internal.inet.SocketConnection] Discarding EOFException: java.io.EOFException
2025-07-15T20:49:39.557+0900 [DEBUG] [org.gradle.launcher.daemon.server.SynchronizedDispatchConnection] thread 21: received null
2025-07-15T20:49:39.557+0900 [DEBUG] [org.gradle.launcher.daemon.server.DefaultDaemonConnection] thread 21: Received end-of-input from client.
2025-07-15T20:49:39.559+0900 [DEBUG] [org.gradle.launcher.daemon.server.SynchronizedDispatchConnection] thread 20: stopping connection
2025-07-15T20:49:46.279+0900 [DEBUG] [org.gradle.cache.internal.DefaultFileLockManager] Waiting to acquire shared lock on daemon addresses registry.
2025-07-15T20:49:46.280+0900 [DEBUG] [org.gradle.cache.internal.DefaultFileLockManager] Lock acquired on daemon addresses registry.
2025-07-15T20:49:46.280+0900 [DEBUG] [org.gradle.cache.internal.DefaultFileLockManager] Releasing lock on daemon addresses registry.
2025-07-15T20:49:46.281+0900 [DEBUG] [org.gradle.cache.internal.DefaultFileLockManager] Waiting to acquire shared lock on daemon addresses registry.
2025-07-15T20:49:46.281+0900 [DEBUG] [org.gradle.cache.internal.DefaultFileLockManager] Lock acquired on daemon addresses registry.
2025-07-15T20:49:46.281+0900 [DEBUG] [org.gradle.cache.internal.DefaultFileLockManager] Releasing lock on daemon addresses registry.
2025-07-15T20:49:56.279+0900 [DEBUG] [org.gradle.cache.internal.DefaultFileLockManager] Waiting to acquire shared lock on daemon addresses registry.
2025-07-15T20:49:56.280+0900 [DEBUG] [org.gradle.cache.internal.DefaultFileLockManager] Lock acquired on daemon addresses registry.
2025-07-15T20:49:56.280+0900 [DEBUG] [org.gradle.cache.internal.DefaultFileLockManager] Releasing lock on daemon addresses registry.
2025-07-15T20:49:56.281+0900 [DEBUG] [org.gradle.cache.internal.DefaultFileLockManager] Waiting to acquire shared lock on daemon addresses registry.
2025-07-15T20:49:56.282+0900 [DEBUG] [org.gradle.cache.internal.DefaultFileLockManager] Lock acquired on daemon addresses registry.
2025-07-15T20:49:56.282+0900 [DEBUG] [org.gradle.cache.internal.DefaultFileLockManager] Releasing lock on daemon addresses registry.
2025-07-15T20:49:56.283+0900 [DEBUG] [org.gradle.cache.internal.DefaultFileLockManager] Waiting to acquire shared lock on daemon addresses registry.
2025-07-15T20:49:56.283+0900 [DEBUG] [org.gradle.cache.internal.DefaultFileLockManager] Lock acquired on daemon addresses registry.
2025-07-15T20:49:56.284+0900 [DEBUG] [org.gradle.cache.internal.DefaultFileLockManager] Releasing lock on daemon addresses registry.
2025-07-15T20:50:06.278+0900 [DEBUG] [org.gradle.cache.internal.DefaultFileLockManager] Waiting to acquire shared lock on daemon addresses registry.
2025-07-15T20:50:06.280+0900 [DEBUG] [org.gradle.cache.internal.DefaultFileLockManager] Lock acquired on daemon addresses registry.
2025-07-15T20:50:06.280+0900 [DEBUG] [org.gradle.cache.internal.DefaultFileLockManager] Releasing lock on daemon addresses registry.
2025-07-15T20:50:06.281+0900 [DEBUG] [org.gradle.cache.internal.DefaultFileLockManager] Waiting to acquire shared lock on daemon addresses registry.
2025-07-15T20:50:06.281+0900 [DEBUG] [org.gradle.cache.internal.DefaultFileLockManager] Lock acquired on daemon addresses registry.
2025-07-15T20:50:06.281+0900 [DEBUG] [org.gradle.cache.internal.DefaultFileLockManager] Releasing lock on daemon addresses registry.
2025-07-15T20:50:06.281+0900 [DEBUG] [org.gradle.cache.internal.DefaultFileLockManager] Waiting to acquire shared lock on daemon addresses registry.
2025-07-15T20:50:06.281+0900 [DEBUG] [org.gradle.cache.internal.DefaultFileLockManager] Lock acquired on daemon addresses registry.
2025-07-15T20:50:06.282+0900 [DEBUG] [org.gradle.cache.internal.DefaultFileLockManager] Releasing lock on daemon addresses registry.
2025-07-15T20:50:16.279+0900 [DEBUG] [org.gradle.cache.internal.DefaultFileLockManager] Waiting to acquire shared lock on daemon addresses registry.
2025-07-15T20:50:16.279+0900 [DEBUG] [org.gradle.cache.internal.DefaultFileLockManager] Lock acquired on daemon addresses registry.
2025-07-15T20:50:16.280+0900 [DEBUG] [org.gradle.cache.internal.DefaultFileLockManager] Releasing lock on daemon addresses registry.
2025-07-15T20:50:16.280+0900 [DEBUG] [org.gradle.cache.internal.DefaultFileLockManager] Waiting to acquire shared lock on daemon addresses registry.
2025-07-15T20:50:16.281+0900 [DEBUG] [org.gradle.cache.internal.DefaultFileLockManager] Lock acquired on daemon addresses registry.
2025-07-15T20:50:16.281+0900 [DEBUG] [org.gradle.cache.internal.DefaultFileLockManager] Releasing lock on daemon addresses registry.
2025-07-15T20:50:16.281+0900 [DEBUG] [org.gradle.cache.internal.DefaultFileLockManager] Waiting to acquire shared lock on daemon addresses registry.
2025-07-15T20:50:16.282+0900 [DEBUG] [org.gradle.cache.internal.DefaultFileLockManager] Lock acquired on daemon addresses registry.
2025-07-15T20:50:16.282+0900 [DEBUG] [org.gradle.cache.internal.DefaultFileLockManager] Releasing lock on daemon addresses registry.
2025-07-15T20:50:24.469+0900 [DEBUG] [org.gradle.internal.remote.internal.inet.TcpIncomingConnector] Accepted connection from /127.0.0.1:56257 to /127.0.0.1:56182.
2025-07-15T20:50:24.480+0900 [DEBUG] [org.gradle.launcher.daemon.server.SynchronizedDispatchConnection] thread 152: received class org.gradle.launcher.daemon.protocol.StopWhenIdle
2025-07-15T20:50:24.480+0900 [DEBUG] [org.gradle.launcher.daemon.server.DefaultDaemonConnection] thread 152: Received non-IO message from client: StopWhenIdle[id=385229bb-e269-489b-8519-6eea75ea25d0]
2025-07-15T20:50:24.480+0900 [INFO] [org.gradle.launcher.daemon.server.DefaultIncomingConnectionHandler] Received command: StopWhenIdle[id=385229bb-e269-489b-8519-6eea75ea25d0].
2025-07-15T20:50:24.481+0900 [DEBUG] [org.gradle.launcher.daemon.server.DefaultIncomingConnectionHandler] Starting executing command: StopWhenIdle[id=385229bb-e269-489b-8519-6eea75ea25d0] with connection: socket connection from /127.0.0.1:56182 to /127.0.0.1:56257.
2025-07-15T20:50:24.481+0900 [DEBUG] [org.gradle.launcher.daemon.server.DaemonRegistryUpdater] Storing daemon stop event: stop command received
2025-07-15T20:50:24.483+0900 [DEBUG] [org.gradle.launcher.daemon.registry.PersistentDaemonRegistry] Storing daemon stop event with timestamp 1752580224482
2025-07-15T20:50:24.484+0900 [DEBUG] [org.gradle.cache.internal.DefaultFileLockManager] Waiting to acquire exclusive lock on daemon addresses registry.
2025-07-15T20:50:24.484+0900 [DEBUG] [org.gradle.cache.internal.DefaultFileLockManager] Lock acquired on daemon addresses registry.
2025-07-15T20:50:24.484+0900 [DEBUG] [org.gradle.cache.internal.DefaultFileLockManager] Releasing lock on daemon addresses registry.
2025-07-15T20:50:24.485+0900 [LIFECYCLE] [org.gradle.launcher.daemon.server.DaemonStateCoordinator] Daemon will be stopped at the end of the build stop command received
2025-07-15T20:50:24.485+0900 [DEBUG] [org.gradle.launcher.daemon.server.DaemonStateCoordinator] Marking daemon stopped due to stop command received. The daemon is not running a build
2025-07-15T20:50:24.485+0900 [DEBUG] [org.gradle.launcher.daemon.server.SynchronizedDispatchConnection] thread 20: dispatching Success[value=null]
2025-07-15T20:50:24.485+0900 [DEBUG] [org.gradle.launcher.daemon.server.DaemonStateCoordinator] daemon has stopped.
2025-07-15T20:50:24.485+0900 [DEBUG] [org.gradle.launcher.daemon.server.DefaultIncomingConnectionHandler] Finishing executing command: StopWhenIdle[id=385229bb-e269-489b-8519-6eea75ea25d0]
2025-07-15T20:50:24.486+0900 [DEBUG] [org.gradle.launcher.daemon.server.SynchronizedDispatchConnection] thread 152: received class org.gradle.launcher.daemon.protocol.Finished
2025-07-15T20:50:24.486+0900 [DEBUG] [org.gradle.launcher.daemon.server.DefaultDaemonConnection] thread 152: Received non-IO message from client: org.gradle.launcher.daemon.protocol.Finished@67563da5
2025-07-15T20:50:24.486+0900 [DEBUG] [org.gradle.launcher.daemon.server.Daemon] stop() called on daemon
2025-07-15T20:50:24.486+0900 [INFO] [org.gradle.launcher.daemon.server.Daemon] Stop requested. Daemon is removing its presence from the registry...
2025-07-15T20:50:24.486+0900 [DEBUG] [org.gradle.internal.remote.internal.inet.SocketConnection] Discarding EOFException: java.io.EOFException
2025-07-15T20:50:24.486+0900 [DEBUG] [org.gradle.launcher.daemon.server.DaemonRegistryUpdater] Removing our presence to clients, eg. removing this address from the registry: [d7175e5a-6408-4856-8264-12aade09c4db port:56182, addresses:[localhost/127.0.0.1]]
2025-07-15T20:50:24.486+0900 [DEBUG] [org.gradle.launcher.daemon.server.DefaultIncomingConnectionHandler] Received finished message: org.gradle.launcher.daemon.protocol.Finished@67563da5
2025-07-15T20:50:24.486+0900 [DEBUG] [org.gradle.launcher.daemon.registry.PersistentDaemonRegistry] Removing daemon address: [d7175e5a-6408-4856-8264-12aade09c4db port:56182, addresses:[localhost/127.0.0.1]]
2025-07-15T20:50:24.486+0900 [DEBUG] [org.gradle.launcher.daemon.server.SynchronizedDispatchConnection] thread 152: received null
2025-07-15T20:50:24.487+0900 [DEBUG] [org.gradle.launcher.daemon.server.DefaultDaemonConnection] thread 152: Received end-of-input from client.
2025-07-15T20:50:24.486+0900 [DEBUG] [org.gradle.launcher.daemon.server.SynchronizedDispatchConnection] thread 20: stopping connection
2025-07-15T20:50:24.488+0900 [DEBUG] [org.gradle.cache.internal.DefaultFileLockManager] Waiting to acquire exclusive lock on daemon addresses registry.
2025-07-15T20:50:24.488+0900 [DEBUG] [org.gradle.cache.internal.DefaultFileLockManager] Lock acquired on daemon addresses registry.
2025-07-15T20:50:24.488+0900 [DEBUG] [org.gradle.launcher.daemon.server.SynchronizedDispatchConnection] thread 20: stopping connection
2025-07-15T20:50:24.489+0900 [DEBUG] [org.gradle.cache.internal.DefaultFileLockManager] Releasing lock on daemon addresses registry.
2025-07-15T20:50:24.490+0900 [DEBUG] [org.gradle.launcher.daemon.server.DaemonRegistryUpdater] Address removed from registry.
2025-07-15T20:50:24.495+0900 [DEBUG] [org.gradle.cache.internal.LockOnDemandCrossProcessCacheAccess] Releasing file lock for jars (/Users/jeong-eunjin/Spring-STUDY/eunjin/gradle/wrapper/caches/jars-9)
2025-07-15T20:50:24.496+0900 [DEBUG] [org.gradle.cache.internal.DefaultFileLockManager] Releasing lock on jars (/Users/jeong-eunjin/Spring-STUDY/eunjin/gradle/wrapper/caches/jars-9).
2025-07-15T20:50:24.496+0900 [DEBUG] [org.gradle.cache.internal.DefaultCacheCleanupExecutor] jars (/Users/jeong-eunjin/Spring-STUDY/eunjin/gradle/wrapper/caches/jars-9) has last been fully cleaned up 194 hours ago
2025-07-15T20:50:24.497+0900 [DEBUG] [org.gradle.internal.operations.DefaultBuildOperationRunner] Build operation 'Clean up jars (/Users/jeong-eunjin/Spring-STUDY/eunjin/gradle/wrapper/caches/jars-9)' started
2025-07-15T20:50:24.505+0900 [INFO] [org.gradle.cache.internal.AbstractCacheCleanup] jars (/Users/jeong-eunjin/Spring-STUDY/eunjin/gradle/wrapper/caches/jars-9) cleanup deleted 0 files/directories.
2025-07-15T20:50:24.505+0900 [INFO] [org.gradle.cache.internal.LeastRecentlyUsedCacheCleanup] jars (/Users/jeong-eunjin/Spring-STUDY/eunjin/gradle/wrapper/caches/jars-9) removing files not accessed on or after Tue Jul 08 20:50:24 KST 2025.
2025-07-15T20:50:24.507+0900 [INFO] [org.gradle.cache.internal.AbstractCacheCleanup] jars (/Users/jeong-eunjin/Spring-STUDY/eunjin/gradle/wrapper/caches/jars-9) cleanup deleted 0 files/directories.
2025-07-15T20:50:24.507+0900 [DEBUG] [org.gradle.internal.operations.DefaultBuildOperationRunner] Completing Build operation 'Clean up jars (/Users/jeong-eunjin/Spring-STUDY/eunjin/gradle/wrapper/caches/jars-9)'
2025-07-15T20:50:24.508+0900 [DEBUG] [org.gradle.internal.operations.DefaultBuildOperationRunner] Build operation 'Clean up jars (/Users/jeong-eunjin/Spring-STUDY/eunjin/gradle/wrapper/caches/jars-9)' completed
2025-07-15T20:50:24.508+0900 [INFO] [org.gradle.cache.internal.DefaultCacheCleanupExecutor] jars (/Users/jeong-eunjin/Spring-STUDY/eunjin/gradle/wrapper/caches/jars-9) cleaned up in 0.011 secs.
2025-07-15T20:50:24.509+0900 [DEBUG] [org.gradle.cache.internal.LockOnDemandCrossProcessCacheAccess] Releasing file lock for file content cache (/Users/jeong-eunjin/Spring-STUDY/eunjin/gradle/wrapper/caches/8.14.3/fileContent)
2025-07-15T20:50:24.509+0900 [DEBUG] [org.gradle.cache.internal.DefaultFileLockManager] Releasing lock on file content cache (/Users/jeong-eunjin/Spring-STUDY/eunjin/gradle/wrapper/caches/8.14.3/fileContent).
2025-07-15T20:50:24.509+0900 [DEBUG] [org.gradle.internal.watch.vfs.impl.WatchingVirtualFileSystem] Closing VFS, dropping state
2025-07-15T20:50:24.511+0900 [DEBUG] [org.gradle.cache.internal.DefaultCacheCoordinator] Cache Generated Gradle JARs cache (/Users/jeong-eunjin/Spring-STUDY/eunjin/gradle/wrapper/caches/8.14.3/generated-gradle-jars) was closed 0 times.
2025-07-15T20:50:24.511+0900 [DEBUG] [org.gradle.internal.watch.registry.impl.DefaultFileWatcherRegistry] Finished listening to file system change events
2025-07-15T20:50:24.512+0900 [DEBUG] [org.gradle.cache.internal.LockOnDemandCrossProcessCacheAccess] Releasing file lock for artifact cache (/Users/jeong-eunjin/Spring-STUDY/eunjin/gradle/wrapper/caches/modules-2)
2025-07-15T20:50:24.512+0900 [DEBUG] [org.gradle.cache.internal.btree.BTreePersistentIndexedCache] Closing cache module-artifact.bin (/Users/jeong-eunjin/Spring-STUDY/eunjin/gradle/wrapper/caches/modules-2/metadata-2.107/module-artifact.bin)
2025-07-15T20:50:24.512+0900 [DEBUG] [org.gradle.cache.internal.btree.BTreePersistentIndexedCache] Closing cache module-metadata.bin (/Users/jeong-eunjin/Spring-STUDY/eunjin/gradle/wrapper/caches/modules-2/metadata-2.107/module-metadata.bin)
2025-07-15T20:50:24.512+0900 [DEBUG] [org.gradle.cache.internal.btree.BTreePersistentIndexedCache] Closing cache resource-at-url.bin (/Users/jeong-eunjin/Spring-STUDY/eunjin/gradle/wrapper/caches/modules-2/metadata-2.107/resource-at-url.bin)
2025-07-15T20:50:24.512+0900 [DEBUG] [org.gradle.cache.internal.DefaultFileLockManager] Releasing lock on artifact cache (/Users/jeong-eunjin/Spring-STUDY/eunjin/gradle/wrapper/caches/modules-2).
2025-07-15T20:50:24.512+0900 [DEBUG] [org.gradle.cache.internal.DefaultCacheCleanupExecutor] artifact cache (/Users/jeong-eunjin/Spring-STUDY/eunjin/gradle/wrapper/caches/modules-2) has last been fully cleaned up 0 hours ago
2025-07-15T20:50:24.512+0900 [DEBUG] [org.gradle.cache.internal.DefaultCacheCleanupExecutor] Skipping cleanup for artifact cache (/Users/jeong-eunjin/Spring-STUDY/eunjin/gradle/wrapper/caches/modules-2) as it is not yet due
2025-07-15T20:50:24.513+0900 [DEBUG] [org.gradle.cache.internal.DefaultCacheCoordinator] Cache groovy-dsl (/Users/jeong-eunjin/Spring-STUDY/eunjin/gradle/wrapper/caches/8.14.3/groovy-dsl) was closed 0 times.
2025-07-15T20:50:24.513+0900 [DEBUG] [org.gradle.cache.internal.DefaultCacheCoordinator] Cache Artifact transforms cache (/Users/jeong-eunjin/Spring-STUDY/eunjin/gradle/wrapper/caches/8.14.3/transforms) was closed 0 times.
2025-07-15T20:50:24.513+0900 [DEBUG] [org.gradle.cache.internal.LockOnDemandCrossProcessCacheAccess] Releasing file lock for journal cache (/Users/jeong-eunjin/Spring-STUDY/eunjin/gradle/wrapper/caches/journal-1)
2025-07-15T20:50:24.513+0900 [DEBUG] [org.gradle.cache.internal.btree.BTreePersistentIndexedCache] Closing cache file-access.bin (/Users/jeong-eunjin/Spring-STUDY/eunjin/gradle/wrapper/caches/journal-1/file-access.bin)
2025-07-15T20:50:24.513+0900 [DEBUG] [org.gradle.cache.internal.DefaultFileLockManager] Releasing lock on journal cache (/Users/jeong-eunjin/Spring-STUDY/eunjin/gradle/wrapper/caches/journal-1).
2025-07-15T20:50:24.514+0900 [DEBUG] [org.gradle.cache.internal.LockOnDemandCrossProcessCacheAccess] Releasing file lock for file hash cache (/Users/jeong-eunjin/Spring-STUDY/eunjin/gradle/wrapper/caches/8.14.3/fileHashes)
2025-07-15T20:50:24.514+0900 [DEBUG] [org.gradle.cache.internal.btree.BTreePersistentIndexedCache] Closing cache fileHashes.bin (/Users/jeong-eunjin/Spring-STUDY/eunjin/gradle/wrapper/caches/8.14.3/fileHashes/fileHashes.bin)
2025-07-15T20:50:24.514+0900 [DEBUG] [org.gradle.cache.internal.btree.BTreePersistentIndexedCache] Closing cache resourceHashesCache.bin (/Users/jeong-eunjin/Spring-STUDY/eunjin/gradle/wrapper/caches/8.14.3/fileHashes/resourceHashesCache.bin)
2025-07-15T20:50:24.514+0900 [DEBUG] [org.gradle.cache.internal.DefaultFileLockManager] Releasing lock on file hash cache (/Users/jeong-eunjin/Spring-STUDY/eunjin/gradle/wrapper/caches/8.14.3/fileHashes).
2025-07-15T20:50:24.515+0900 [DEBUG] [org.gradle.internal.operations.DefaultBuildOperationRunner] Build operation 'Deleting unused version-specific caches in /Users/jeong-eunjin/Spring-STUDY/eunjin/gradle/wrapper/caches' started
2025-07-15T20:50:24.517+0900 [DEBUG] [org.gradle.cache.internal.VersionSpecificCacheCleanupAction] Processed version-specific caches at /Users/jeong-eunjin/Spring-STUDY/eunjin/gradle/wrapper/caches for cleanup in 0.002 secs
2025-07-15T20:50:24.517+0900 [DEBUG] [org.gradle.internal.operations.DefaultBuildOperationRunner] Completing Build operation 'Deleting unused version-specific caches in /Users/jeong-eunjin/Spring-STUDY/eunjin/gradle/wrapper/caches'
2025-07-15T20:50:24.517+0900 [DEBUG] [org.gradle.internal.operations.DefaultBuildOperationRunner] Build operation 'Deleting unused version-specific caches in /Users/jeong-eunjin/Spring-STUDY/eunjin/gradle/wrapper/caches' completed
2025-07-15T20:50:24.518+0900 [DEBUG] [org.gradle.internal.operations.DefaultBuildOperationRunner] Build operation 'Deleting unused Gradle distributions in /Users/jeong-eunjin/Spring-STUDY/eunjin/gradle/wrapper/wrapper/dists' started
2025-07-15T20:50:24.521+0900 [DEBUG] [org.gradle.internal.operations.DefaultBuildOperationRunner] Completing Build operation 'Deleting unused Gradle distributions in /Users/jeong-eunjin/Spring-STUDY/eunjin/gradle/wrapper/wrapper/dists'
2025-07-15T20:50:24.522+0900 [DEBUG] [org.gradle.internal.operations.DefaultBuildOperationRunner] Build operation 'Deleting unused Gradle distributions in /Users/jeong-eunjin/Spring-STUDY/eunjin/gradle/wrapper/wrapper/dists' completed
2025-07-15T20:50:24.522+0900 [DEBUG] [org.gradle.launcher.daemon.server.Daemon] stop() called on daemon
2025-07-15T20:50:24.522+0900 [INFO] [org.gradle.launcher.daemon.server.Daemon] Stop requested. Daemon is removing its presence from the registry...
2025-07-15T20:50:24.522+0900 [DEBUG] [org.gradle.launcher.daemon.server.DaemonRegistryUpdater] Removing our presence to clients, eg. removing this address from the registry: [d7175e5a-6408-4856-8264-12aade09c4db port:56182, addresses:[localhost/127.0.0.1]]
2025-07-15T20:50:24.523+0900 [DEBUG] [org.gradle.launcher.daemon.registry.PersistentDaemonRegistry] Removing daemon address: [d7175e5a-6408-4856-8264-12aade09c4db port:56182, addresses:[localhost/127.0.0.1]]
2025-07-15T20:50:24.523+0900 [DEBUG] [org.gradle.cache.internal.DefaultFileLockManager] Waiting to acquire exclusive lock on daemon addresses registry.
2025-07-15T20:50:24.523+0900 [DEBUG] [org.gradle.cache.internal.DefaultFileLockManager] Lock acquired on daemon addresses registry.
2025-07-15T20:50:24.523+0900 [DEBUG] [org.gradle.cache.internal.DefaultFileLockManager] Releasing lock on daemon addresses registry.
2025-07-15T20:50:24.523+0900 [DEBUG] [org.gradle.launcher.daemon.server.DaemonRegistryUpdater] Address removed from registry.
2025-07-15T20:50:24.526+0900 [DEBUG] [org.gradle.cache.internal.locklistener.DefaultFileLockContentionHandler] File lock listener thread completed.
Daemon vm is shutting down... The daemon has exited normally or was terminated in response to a user interrupt.
2025-07-15T20:50:24.530+0900 [DEBUG] [org.gradle.launcher.daemon.registry.PersistentDaemonRegistry] Removing daemon address: [d7175e5a-6408-4856-8264-12aade09c4db port:56182, addresses:[localhost/127.0.0.1]]
2025-07-15T20:50:24.531+0900 [DEBUG] [org.gradle.launcher.daemon.server.Daemon] VM shutdown hook was unable to remove the daemon address from the registry. It will be cleaned up later.
java.lang.IllegalStateException: Cannot start managing file contention because this handler has been closed.
	at org.gradle.cache.internal.locklistener.DefaultFileLockContentionHandler.assertNotStopped(DefaultFileLockContentionHandler.java:248)
	at org.gradle.cache.internal.locklistener.DefaultFileLockContentionHandler.reservePort(DefaultFileLockContentionHandler.java:286)
	at org.gradle.cache.internal.DefaultFileLockManager.lock(DefaultFileLockManager.java:124)
	at org.gradle.cache.internal.DefaultFileLockManager.lock(DefaultFileLockManager.java:106)
	at org.gradle.cache.internal.DefaultFileLockManager.lock(DefaultFileLockManager.java:101)
	at org.gradle.cache.internal.OnDemandFileAccess.updateFile(OnDemandFileAccess.java:51)
	at org.gradle.cache.internal.FileBackedObjectHolder.update(FileBackedObjectHolder.java:77)
	at org.gradle.cache.internal.FileIntegrityViolationSuppressingObjectHolderDecorator.lambda$update$0(FileIntegrityViolationSuppressingObjectHolderDecorator.java:48)
	at org.gradle.cache.internal.FileIntegrityViolationSuppressingObjectHolderDecorator.doUpdate(FileIntegrityViolationSuppressingObjectHolderDecorator.java:58)
	at org.gradle.cache.internal.FileIntegrityViolationSuppressingObjectHolderDecorator.update(FileIntegrityViolationSuppressingObjectHolderDecorator.java:48)
	at org.gradle.launcher.daemon.registry.PersistentDaemonRegistry.remove(PersistentDaemonRegistry.java:133)
	at org.gradle.launcher.daemon.server.Daemon$1.run(Daemon.java:133)
	at java.base/java.lang.Thread.run(Thread.java:840)
